[32mINFO [0m[01-24|11:28:33.699] create keyPairs                          [32mpubkey:[0m=E([11523565958403046307214537451069479742088646266617522082619800368049472995813,2124640401750146335036713903199190217481629760494901731512388432260948272092])
[32mINFO [0m[01-24|11:28:33.699] should register                          [32mis[0m=true
[32mINFO [0m[01-24|11:28:33.768] oracle node register information         [32mpublicKey[0m=03bf6ee64a8d2fdc551ec8bb9ef862ef6b4bcb1805cdc520c3aa5866c0575fd3b5 [32maddress[0m=0x15d34AAf54267DB7D7c367839AAf71A00a2C6A65
[32mINFO [0m[01-24|11:28:33.768] register to operator ...
[32mINFO [0m[01-24|11:28:53.952] success to register operator             [32mtx_hash[0m=82e8b8..a7306e
[32mINFO [0m[01-24|11:28:53.953] initialized price provider               [32massetType[0m=liquor [32massetName[0m=Maotai [32murl[0m="http://127.0.0.1:8888/api/price?symbol=maotai"
[32mINFO [0m[01-24|11:28:53.953] web socket url                           [32mWsAddr[0m=tcp://127.0.0.1:8081
[32mINFO [0m[01-24|11:28:53.956] auth success!
[32mINFO [0m[01-24|11:28:53.956] start to sign message
[32mINFO [0m[01-24|11:28:53.956] process websocket message
[32mINFO [0m[01-24|11:28:58.288] receive request method : signMsgBatch    [32mreqId[0m=202601241128589868
[32mINFO [0m[01-24|11:28:58.288] write msg to sign channel successfully
[32mINFO [0m[01-24|11:28:58.288] dealing resId (202601241128589868) 
[32mINFO [0m[01-24|11:28:58.288] request body market price                [32mRequestId[0m=f4158f55-8e70-4cf8-b413-788a3630a6b5
[32mINFO [0m[01-24|11:28:58.292] fetched asset price successfully         [32massetType[0m=liquor [32massetName[0m=Maotai [32mprice[0m=1774.324
[32mINFO [0m[01-24|11:28:58.292] sign msg                                 [32mmsg[0m=1774.323569f4158f55-8e70-4cf8-b413-788a3630a6b532
[32mINFO [0m[01-24|11:28:58.292] msg hash                                 [32mdata[0m=75a67e..ba57ec
[32mINFO [0m[01-24|11:28:58.293] success to sign SubmitOracleSignatureMsg [32msignature[0m=E([16814755839271047353511983243195663812525238600489877356228163266266261005515,18062403620687853921460322177886019786088986367878561807315524204941805150089])
[32mINFO [0m[01-24|11:28:58.293] node signed the message, sending response to oracle manager
[32mINFO [0m[01-24|11:28:58.293] send rsp success!
[32mINFO [0m[01-24|11:28:58.293] sent sign response to oracle manager successfully
[32mINFO [0m[01-24|11:29:08.394] receive request method : signMsgBatch    [32mreqId[0m=202601241129085388
[32mINFO [0m[01-24|11:29:08.395] write msg to sign channel successfully
[32mINFO [0m[01-24|11:29:08.395] dealing resId (202601241129085388) 
[32mINFO [0m[01-24|11:29:08.395] request body market price                [32mRequestId[0m=f4c14c82-ca93-4307-bdec-051bac134be6
[32mINFO [0m[01-24|11:29:08.397] fetched asset price successfully         [32massetType[0m=liquor [32massetName[0m=Maotai [32mprice[0m=1778.331
[32mINFO [0m[01-24|11:29:08.397] sign msg                                 [32mmsg[0m=1778.330662f4c14c82-ca93-4307-bdec-051bac134be633
[32mINFO [0m[01-24|11:29:08.397] msg hash                                 [32mdata[0m=26ea7c..0826c2
[32mINFO [0m[01-24|11:29:08.397] success to sign SubmitOracleSignatureMsg [32msignature[0m=E([4349233647435654594016738376767295705642172290217595138832427826821287298594,18583119355606657270212628573110545410253772333437448057462469033546684256661])
[32mINFO [0m[01-24|11:29:08.398] node signed the message, sending response to oracle manager
[32mINFO [0m[01-24|11:29:08.398] send rsp success!
[32mINFO [0m[01-24|11:29:08.398] sent sign response to oracle manager successfully
[32mINFO [0m[01-24|11:29:18.500] receive request method : signMsgBatch    [32mreqId[0m=202601241129186709
[32mINFO [0m[01-24|11:29:18.500] write msg to sign channel successfully
[32mINFO [0m[01-24|11:29:18.500] dealing resId (202601241129186709) 
[32mINFO [0m[01-24|11:29:18.500] request body market price                [32mRequestId[0m=75339326-2935-4305-9432-c19e5eae99bf
[32mINFO [0m[01-24|11:29:18.503] fetched asset price successfully         [32massetType[0m=liquor [32massetName[0m=Maotai [32mprice[0m=1776.691
[32mINFO [0m[01-24|11:29:18.503] sign msg                                 [32mmsg[0m=1776.69136175339326-2935-4305-9432-c19e5eae99bf34
[32mINFO [0m[01-24|11:29:18.503] msg hash                                 [32mdata[0m=3dee88..dbf862
[32mINFO [0m[01-24|11:29:18.503] success to sign SubmitOracleSignatureMsg [32msignature[0m=E([9513534277055337943084911054004079429577323775633239173419815194689286933769,14838702078708229518247236107300207347912302274831310517935326406107544718161])
[32mINFO [0m[01-24|11:29:18.504] node signed the message, sending response to oracle manager
[32mINFO [0m[01-24|11:29:18.504] send rsp success!
[32mINFO [0m[01-24|11:29:18.504] sent sign response to oracle manager successfully
[32mINFO [0m[01-24|11:29:28.589] receive request method : signMsgBatch    [32mreqId[0m=202601241129281346
[32mINFO [0m[01-24|11:29:28.590] write msg to sign channel successfully
[32mINFO [0m[01-24|11:29:28.590] dealing resId (202601241129281346) 
[32mINFO [0m[01-24|11:29:28.590] request body market price                [32mRequestId[0m=e8826e2e-dd3c-470e-af8e-e486f138cd32
[32mINFO [0m[01-24|11:29:28.590] fetched asset price successfully         [32massetType[0m=liquor [32massetName[0m=Maotai [32mprice[0m=1776.691
[32mINFO [0m[01-24|11:29:28.590] sign msg                                 [32mmsg[0m=1776.691361e8826e2e-dd3c-470e-af8e-e486f138cd3235
[32mINFO [0m[01-24|11:29:28.591] msg hash                                 [32mdata[0m=3dee88..dbf862
[32mINFO [0m[01-24|11:29:28.591] success to sign SubmitOracleSignatureMsg [32msignature[0m=E([9513534277055337943084911054004079429577323775633239173419815194689286933769,14838702078708229518247236107300207347912302274831310517935326406107544718161])
[32mINFO [0m[01-24|11:29:28.591] node signed the message, sending response to oracle manager
[32mINFO [0m[01-24|11:29:28.591] send rsp success!
[32mINFO [0m[01-24|11:29:28.591] sent sign response to oracle manager successfully
[32mINFO [0m[01-24|11:29:38.786] receive request method : signMsgBatch    [32mreqId[0m=202601241129385007
[32mINFO [0m[01-24|11:29:38.787] write msg to sign channel successfully
[32mINFO [0m[01-24|11:29:38.787] dealing resId (202601241129385007) 
[32mINFO [0m[01-24|11:29:38.787] request body market price                [32mRequestId[0m=fc691561-90ce-4b58-b01c-210ee98969b5
[32mINFO [0m[01-24|11:29:38.792] fetched asset price successfully         [32massetType[0m=liquor [32massetName[0m=Maotai [32mprice[0m=1771.127
[32mINFO [0m[01-24|11:29:38.792] sign msg                                 [32mmsg[0m=1771.126633fc691561-90ce-4b58-b01c-210ee98969b536
[32mINFO [0m[01-24|11:29:38.792] msg hash                                 [32mdata[0m=dd3bdb..3f2368
[32mINFO [0m[01-24|11:29:38.793] success to sign SubmitOracleSignatureMsg [32msignature[0m=E([18255104682360544180869289453873265537209681429337494453275706444878078795998,9715249437428265812668338708222043262835588741037916778477834330219540355473])
[32mINFO [0m[01-24|11:29:38.794] node signed the message, sending response to oracle manager
[32mINFO [0m[01-24|11:29:38.794] send rsp success!
[32mINFO [0m[01-24|11:29:38.794] sent sign response to oracle manager successfully
[32mINFO [0m[01-24|11:29:48.878] receive request method : signMsgBatch    [32mreqId[0m=202601241129482359
[32mINFO [0m[01-24|11:29:48.879] write msg to sign channel successfully
[32mINFO [0m[01-24|11:29:48.879] dealing resId (202601241129482359) 
[32mINFO [0m[01-24|11:29:48.879] request body market price                [32mRequestId[0m=d44d6576-637a-4728-878c-82a8718520e8
[32mINFO [0m[01-24|11:29:48.881] fetched asset price successfully         [32massetType[0m=liquor [32massetName[0m=Maotai [32mprice[0m=1779.201
[32mINFO [0m[01-24|11:29:48.881] sign msg                                 [32mmsg[0m=1779.200587d44d6576-637a-4728-878c-82a8718520e837
[32mINFO [0m[01-24|11:29:48.881] msg hash                                 [32mdata[0m=52e161..999b8f
[32mINFO [0m[01-24|11:29:48.881] success to sign SubmitOracleSignatureMsg [32msignature[0m=E([9530877450229856503857170918702974006186669849041045980938641123735485781467,5885749487262600790914866077981522682441193719380318989698911047658882208321])
[32mINFO [0m[01-24|11:29:48.882] node signed the message, sending response to oracle manager
[32mINFO [0m[01-24|11:29:48.882] send rsp success!
[32mINFO [0m[01-24|11:29:48.882] sent sign response to oracle manager successfully
[32mINFO [0m[01-24|11:29:58.992] receive request method : signMsgBatch    [32mreqId[0m=202601241129581616
[32mINFO [0m[01-24|11:29:58.993] write msg to sign channel successfully
[32mINFO [0m[01-24|11:29:58.993] dealing resId (202601241129581616) 
[32mINFO [0m[01-24|11:29:58.993] request body market price                [32mRequestId[0m=b1a30556-8615-490b-8a5e-6d6e8fbb229e
[32mINFO [0m[01-24|11:29:58.997] fetched asset price successfully         [32massetType[0m=liquor [32massetName[0m=Maotai [32mprice[0m=1779.201
[32mINFO [0m[01-24|11:29:58.997] sign msg                                 [32mmsg[0m=1779.200587b1a30556-8615-490b-8a5e-6d6e8fbb229e38
[32mINFO [0m[01-24|11:29:58.997] msg hash                                 [32mdata[0m=52e161..999b8f
[32mINFO [0m[01-24|11:29:58.997] success to sign SubmitOracleSignatureMsg [32msignature[0m=E([9530877450229856503857170918702974006186669849041045980938641123735485781467,5885749487262600790914866077981522682441193719380318989698911047658882208321])
[32mINFO [0m[01-24|11:29:58.998] node signed the message, sending response to oracle manager
[32mINFO [0m[01-24|11:29:58.998] send rsp success!
[32mINFO [0m[01-24|11:29:58.998] sent sign response to oracle manager successfully
[32mINFO [0m[01-24|11:30:09.100] receive request method : signMsgBatch    [32mreqId[0m=202601241130098803
[32mINFO [0m[01-24|11:30:09.101] write msg to sign channel successfully
[32mINFO [0m[01-24|11:30:09.101] dealing resId (202601241130098803) 
[32mINFO [0m[01-24|11:30:09.101] request body market price                [32mRequestId[0m=1ab02f03-3f0f-47aa-a4e5-a1973764568e
[32mINFO [0m[01-24|11:30:09.103] fetched asset price successfully         [32massetType[0m=liquor [32massetName[0m=Maotai [32mprice[0m=1774.493
[32mINFO [0m[01-24|11:30:09.103] sign msg                                 [32mmsg[0m=1774.4927221ab02f03-3f0f-47aa-a4e5-a1973764568e39
[32mINFO [0m[01-24|11:30:09.103] msg hash                                 [32mdata[0m=75a67e..ba57ec
[32mINFO [0m[01-24|11:30:09.104] success to sign SubmitOracleSignatureMsg [32msignature[0m=E([16814755839271047353511983243195663812525238600489877356228163266266261005515,18062403620687853921460322177886019786088986367878561807315524204941805150089])
[32mINFO [0m[01-24|11:30:09.104] node signed the message, sending response to oracle manager
[32mINFO [0m[01-24|11:30:09.104] send rsp success!
[32mINFO [0m[01-24|11:30:09.104] sent sign response to oracle manager successfully
[32mINFO [0m[01-24|11:30:19.207] receive request method : signMsgBatch    [32mreqId[0m=202601241130193826
[32mINFO [0m[01-24|11:30:19.208] write msg to sign channel successfully
[32mINFO [0m[01-24|11:30:19.208] dealing resId (202601241130193826) 
[32mINFO [0m[01-24|11:30:19.208] request body market price                [32mRequestId[0m=97e14b78-f2ff-4211-87ca-2969dc235af1
[32mINFO [0m[01-24|11:30:19.211] fetched asset price successfully         [32massetType[0m=liquor [32massetName[0m=Maotai [32mprice[0m=1817.331
[32mINFO [0m[01-24|11:30:19.211] sign msg                                 [32mmsg[0m=1817.33143697e14b78-f2ff-4211-87ca-2969dc235af140
[32mINFO [0m[01-24|11:30:19.211] msg hash                                 [32mdata[0m=afc143..839028
[32mINFO [0m[01-24|11:30:19.212] success to sign SubmitOracleSignatureMsg [32msignature[0m=E([16475897797395421172716984353198460235470664170870758727946989409367233676447,11535414990548992121522065204346001241183925726230018573525365084001483815326])
[32mINFO [0m[01-24|11:30:19.213] node signed the message, sending response to oracle manager
[32mINFO [0m[01-24|11:30:19.213] send rsp success!
[32mINFO [0m[01-24|11:30:19.213] sent sign response to oracle manager successfully
[32mINFO [0m[01-24|11:30:29.316] receive request method : signMsgBatch    [32mreqId[0m=202601241130292884
[32mINFO [0m[01-24|11:30:29.317] write msg to sign channel successfully
[32mINFO [0m[01-24|11:30:29.317] dealing resId (202601241130292884) 
[32mINFO [0m[01-24|11:30:29.317] request body market price                [32mRequestId[0m=cba7e1a8-5867-49dc-a1b8-51cc98627a77
[32mINFO [0m[01-24|11:30:29.318] fetched asset price successfully         [32massetType[0m=liquor [32massetName[0m=Maotai [32mprice[0m=1817.331
[32mINFO [0m[01-24|11:30:29.318] sign msg                                 [32mmsg[0m=1817.331436cba7e1a8-5867-49dc-a1b8-51cc98627a7741
[32mINFO [0m[01-24|11:30:29.318] msg hash                                 [32mdata[0m=afc143..839028
[32mINFO [0m[01-24|11:30:29.319] success to sign SubmitOracleSignatureMsg [32msignature[0m=E([16475897797395421172716984353198460235470664170870758727946989409367233676447,11535414990548992121522065204346001241183925726230018573525365084001483815326])
[32mINFO [0m[01-24|11:30:29.319] node signed the message, sending response to oracle manager
[32mINFO [0m[01-24|11:30:29.319] send rsp success!
[32mINFO [0m[01-24|11:30:29.319] sent sign response to oracle manager successfully
[32mINFO [0m[01-24|11:30:39.646] receive request method : signMsgBatch    [32mreqId[0m=202601241130397647
[32mINFO [0m[01-24|11:30:39.646] write msg to sign channel successfully
[32mINFO [0m[01-24|11:30:39.646] dealing resId (202601241130397647) 
[32mINFO [0m[01-24|11:30:39.647] request body market price                [32mRequestId[0m=248e17c7-1bd2-473d-a0a9-3caa64fde697
[32mINFO [0m[01-24|11:30:39.649] fetched asset price successfully         [32massetType[0m=liquor [32massetName[0m=Maotai [32mprice[0m=1809.827
[32mINFO [0m[01-24|11:30:39.649] sign msg                                 [32mmsg[0m=1809.827228248e17c7-1bd2-473d-a0a9-3caa64fde69742
[32mINFO [0m[01-24|11:30:39.649] msg hash                                 [32mdata[0m=95a140..35ffb0
[32mINFO [0m[01-24|11:30:39.650] success to sign SubmitOracleSignatureMsg [32msignature[0m=E([8613686801282102426626546663744266058114146925270921345717746806535229965425,10767451964390388730891397344108868496001897646696546457540749289114945933804])
[32mINFO [0m[01-24|11:30:39.650] node signed the message, sending response to oracle manager
[32mINFO [0m[01-24|11:30:39.650] send rsp success!
[32mINFO [0m[01-24|11:30:39.650] sent sign response to oracle manager successfully
[32mINFO [0m[01-24|11:30:49.757] receive request method : signMsgBatch    [32mreqId[0m=202601241130490457
[32mINFO [0m[01-24|11:30:49.757] write msg to sign channel successfully
[32mINFO [0m[01-24|11:30:49.757] dealing resId (202601241130490457) 
[32mINFO [0m[01-24|11:30:49.757] request body market price                [32mRequestId[0m=75aa26a1-a285-41eb-a470-8763b28f787d
[32mINFO [0m[01-24|11:30:49.759] fetched asset price successfully         [32massetType[0m=liquor [32massetName[0m=Maotai [32mprice[0m=1810.245
[32mINFO [0m[01-24|11:30:49.759] sign msg                                 [32mmsg[0m=1810.24531375aa26a1-a285-41eb-a470-8763b28f787d43
[32mINFO [0m[01-24|11:30:49.759] msg hash                                 [32mdata[0m=f0ae08..5d1e26
[32mINFO [0m[01-24|11:30:49.760] success to sign SubmitOracleSignatureMsg [32msignature[0m=E([17259437618553683742163940248066203415611255079644108528250914534970881023148,10148251067078399576101073530985986048966496244259035290804550303267544969325])
[32mINFO [0m[01-24|11:30:49.760] node signed the message, sending response to oracle manager
[32mINFO [0m[01-24|11:30:49.760] send rsp success!
[32mINFO [0m[01-24|11:30:49.760] sent sign response to oracle manager successfully
[32mINFO [0m[01-24|11:30:59.871] receive request method : signMsgBatch    [32mreqId[0m=202601241130596562
[32mINFO [0m[01-24|11:30:59.871] write msg to sign channel successfully
[32mINFO [0m[01-24|11:30:59.871] dealing resId (202601241130596562) 
[32mINFO [0m[01-24|11:30:59.871] request body market price                [32mRequestId[0m=2df9aeaa-ba17-4244-97e6-8e2cdd423a92
[32mINFO [0m[01-24|11:30:59.874] fetched asset price successfully         [32massetType[0m=liquor [32massetName[0m=Maotai [32mprice[0m=1810.245
[32mINFO [0m[01-24|11:30:59.874] sign msg                                 [32mmsg[0m=1810.2453132df9aeaa-ba17-4244-97e6-8e2cdd423a9244
[32mINFO [0m[01-24|11:30:59.874] msg hash                                 [32mdata[0m=f0ae08..5d1e26
[32mINFO [0m[01-24|11:30:59.875] success to sign SubmitOracleSignatureMsg [32msignature[0m=E([17259437618553683742163940248066203415611255079644108528250914534970881023148,10148251067078399576101073530985986048966496244259035290804550303267544969325])
[32mINFO [0m[01-24|11:30:59.875] node signed the message, sending response to oracle manager
[32mINFO [0m[01-24|11:30:59.875] send rsp success!
[32mINFO [0m[01-24|11:30:59.875] sent sign response to oracle manager successfully
[32mINFO [0m[01-24|11:31:09.984] receive request method : signMsgBatch    [32mreqId[0m=202601241131094453
[32mINFO [0m[01-24|11:31:09.984] write msg to sign channel successfully
[32mINFO [0m[01-24|11:31:09.984] dealing resId (202601241131094453) 
[32mINFO [0m[01-24|11:31:09.984] request body market price                [32mRequestId[0m=1137180a-38c0-4d21-ab1d-9b2bd306bc27
[32mINFO [0m[01-24|11:31:09.986] fetched asset price successfully         [32massetType[0m=liquor [32massetName[0m=Maotai [32mprice[0m=1839.310
[32mINFO [0m[01-24|11:31:09.986] sign msg                                 [32mmsg[0m=1839.3097411137180a-38c0-4d21-ab1d-9b2bd306bc2745
[32mINFO [0m[01-24|11:31:09.986] msg hash                                 [32mdata[0m=534100..bafba8
[32mINFO [0m[01-24|11:31:09.987] success to sign SubmitOracleSignatureMsg [32msignature[0m=E([6720180038607964408482417534565140582569404721216713587402323659502101784735,15733149086917656303957017976178202990921730773773540719533708380970300046857])
[32mINFO [0m[01-24|11:31:09.987] node signed the message, sending response to oracle manager
[32mINFO [0m[01-24|11:31:09.987] send rsp success!
[32mINFO [0m[01-24|11:31:09.987] sent sign response to oracle manager successfully
[32mINFO [0m[01-24|11:31:20.090] receive request method : signMsgBatch    [32mreqId[0m=202601241131206679
[32mINFO [0m[01-24|11:31:20.091] write msg to sign channel successfully
[32mINFO [0m[01-24|11:31:20.091] dealing resId (202601241131206679) 
[32mINFO [0m[01-24|11:31:20.091] request body market price                [32mRequestId[0m=5445508d-378d-45d1-9e27-ad5ac6f20884
[32mINFO [0m[01-24|11:31:20.092] fetched asset price successfully         [32massetType[0m=liquor [32massetName[0m=Maotai [32mprice[0m=1774.769
[32mINFO [0m[01-24|11:31:20.092] sign msg                                 [32mmsg[0m=1774.7686935445508d-378d-45d1-9e27-ad5ac6f2088446
[32mINFO [0m[01-24|11:31:20.092] msg hash                                 [32mdata[0m=75a67e..ba57ec
[32mINFO [0m[01-24|11:31:20.092] success to sign SubmitOracleSignatureMsg [32msignature[0m=E([16814755839271047353511983243195663812525238600489877356228163266266261005515,18062403620687853921460322177886019786088986367878561807315524204941805150089])
[32mINFO [0m[01-24|11:31:20.093] node signed the message, sending response to oracle manager
[32mINFO [0m[01-24|11:31:20.093] send rsp success!
[32mINFO [0m[01-24|11:31:20.093] sent sign response to oracle manager successfully
[32mINFO [0m[01-24|11:31:30.180] receive request method : signMsgBatch    [32mreqId[0m=202601241131301900
[32mINFO [0m[01-24|11:31:30.180] write msg to sign channel successfully
[32mINFO [0m[01-24|11:31:30.180] dealing resId (202601241131301900) 
[32mINFO [0m[01-24|11:31:30.180] request body market price                [32mRequestId[0m=9c6efcc3-8e15-4795-89b2-4f9f7ebddb24
[32mINFO [0m[01-24|11:31:30.181] fetched asset price successfully         [32massetType[0m=liquor [32massetName[0m=Maotai [32mprice[0m=1765.792
[32mINFO [0m[01-24|11:31:30.181] sign msg                                 [32mmsg[0m=1765.7922049c6efcc3-8e15-4795-89b2-4f9f7ebddb2447
[32mINFO [0m[01-24|11:31:30.181] msg hash                                 [32mdata[0m=58c711..734a7f
[32mINFO [0m[01-24|11:31:30.182] success to sign SubmitOracleSignatureMsg [32msignature[0m=E([18538288047739438413481696013678843064923261545937394714995396466455269755811,398957286668048168859007664049880823473821182411703716745846557193221720717])
[32mINFO [0m[01-24|11:31:30.182] node signed the message, sending response to oracle manager
[32mINFO [0m[01-24|11:31:30.182] send rsp success!
[32mINFO [0m[01-24|11:31:30.182] sent sign response to oracle manager successfully
[32mINFO [0m[01-24|11:31:40.267] receive request method : signMsgBatch    [32mreqId[0m=202601241131408283
[32mINFO [0m[01-24|11:31:40.267] write msg to sign channel successfully
[32mINFO [0m[01-24|11:31:40.267] dealing resId (202601241131408283) 
[32mINFO [0m[01-24|11:31:40.267] request body market price                [32mRequestId[0m=783e503d-9f43-445e-8588-3474872ef96f
[32mINFO [0m[01-24|11:31:40.269] fetched asset price successfully         [32massetType[0m=liquor [32massetName[0m=Maotai [32mprice[0m=1765.792
[32mINFO [0m[01-24|11:31:40.269] sign msg                                 [32mmsg[0m=1765.792204783e503d-9f43-445e-8588-3474872ef96f48
[32mINFO [0m[01-24|11:31:40.270] msg hash                                 [32mdata[0m=58c711..734a7f
[32mINFO [0m[01-24|11:31:40.270] success to sign SubmitOracleSignatureMsg [32msignature[0m=E([18538288047739438413481696013678843064923261545937394714995396466455269755811,398957286668048168859007664049880823473821182411703716745846557193221720717])
[32mINFO [0m[01-24|11:31:40.271] node signed the message, sending response to oracle manager
[32mINFO [0m[01-24|11:31:40.271] send rsp success!
[32mINFO [0m[01-24|11:31:40.271] sent sign response to oracle manager successfully
[32mINFO [0m[01-24|11:31:50.369] receive request method : signMsgBatch    [32mreqId[0m=202601241131501126
[32mINFO [0m[01-24|11:31:50.369] write msg to sign channel successfully
[32mINFO [0m[01-24|11:31:50.369] dealing resId (202601241131501126) 
[32mINFO [0m[01-24|11:31:50.369] request body market price                [32mRequestId[0m=cc4749d0-9e12-416c-b553-b9531745712d
[32mINFO [0m[01-24|11:31:50.370] fetched asset price successfully         [32massetType[0m=liquor [32massetName[0m=Maotai [32mprice[0m=1784.603
[32mINFO [0m[01-24|11:31:50.370] sign msg                                 [32mmsg[0m=1784.603447cc4749d0-9e12-416c-b553-b9531745712d49
[32mINFO [0m[01-24|11:31:50.370] msg hash                                 [32mdata[0m=ef832f..e54fd8
[32mINFO [0m[01-24|11:31:50.371] success to sign SubmitOracleSignatureMsg [32msignature[0m=E([17121960497410039433963782222454660539419330758752804611608292865106900434411,18929312354689620282465487431607644284482433692621389059654196048595897251498])
[32mINFO [0m[01-24|11:31:50.371] node signed the message, sending response to oracle manager
[32mINFO [0m[01-24|11:31:50.371] send rsp success!
[32mINFO [0m[01-24|11:31:50.371] sent sign response to oracle manager successfully
[32mINFO [0m[01-24|11:32:00.496] receive request method : signMsgBatch    [32mreqId[0m=202601241132003833
[32mINFO [0m[01-24|11:32:00.497] write msg to sign channel successfully
[32mINFO [0m[01-24|11:32:00.497] dealing resId (202601241132003833) 
[32mINFO [0m[01-24|11:32:00.497] request body market price                [32mRequestId[0m=b2b4b835-eee9-4150-a160-35d4aec7ec5b
[32mINFO [0m[01-24|11:32:00.498] fetched asset price successfully         [32massetType[0m=liquor [32massetName[0m=Maotai [32mprice[0m=1776.017
[32mINFO [0m[01-24|11:32:00.498] sign msg                                 [32mmsg[0m=1776.016543b2b4b835-eee9-4150-a160-35d4aec7ec5b50
[32mINFO [0m[01-24|11:32:00.498] msg hash                                 [32mdata[0m=3dee88..dbf862
[32mINFO [0m[01-24|11:32:00.499] success to sign SubmitOracleSignatureMsg [32msignature[0m=E([9513534277055337943084911054004079429577323775633239173419815194689286933769,14838702078708229518247236107300207347912302274831310517935326406107544718161])
[32mINFO [0m[01-24|11:32:00.499] node signed the message, sending response to oracle manager
[32mINFO [0m[01-24|11:32:00.499] send rsp success!
[32mINFO [0m[01-24|11:32:00.500] sent sign response to oracle manager successfully
[32mINFO [0m[01-24|11:32:10.618] receive request method : signMsgBatch    [32mreqId[0m=202601241132100358
[32mINFO [0m[01-24|11:32:10.618] write msg to sign channel successfully
[32mINFO [0m[01-24|11:32:10.618] dealing resId (202601241132100358) 
[32mINFO [0m[01-24|11:32:10.618] request body market price                [32mRequestId[0m=30e93498-9890-4311-83f3-f7ad88bc1093
[32mINFO [0m[01-24|11:32:10.621] fetched asset price successfully         [32massetType[0m=liquor [32massetName[0m=Maotai [32mprice[0m=1776.017
[32mINFO [0m[01-24|11:32:10.621] sign msg                                 [32mmsg[0m=1776.01654330e93498-9890-4311-83f3-f7ad88bc109351
[32mINFO [0m[01-24|11:32:10.621] msg hash                                 [32mdata[0m=3dee88..dbf862
[32mINFO [0m[01-24|11:32:10.622] success to sign SubmitOracleSignatureMsg [32msignature[0m=E([9513534277055337943084911054004079429577323775633239173419815194689286933769,14838702078708229518247236107300207347912302274831310517935326406107544718161])
[32mINFO [0m[01-24|11:32:10.623] node signed the message, sending response to oracle manager
[32mINFO [0m[01-24|11:32:10.623] send rsp success!
[32mINFO [0m[01-24|11:32:10.623] sent sign response to oracle manager successfully
[32mINFO [0m[01-24|11:32:20.725] receive request method : signMsgBatch    [32mreqId[0m=202601241132203092
[32mINFO [0m[01-24|11:32:20.726] write msg to sign channel successfully
[32mINFO [0m[01-24|11:32:20.726] dealing resId (202601241132203092) 
[32mINFO [0m[01-24|11:32:20.726] request body market price                [32mRequestId[0m=02cee8f4-6add-4ea3-b597-aef78ea2f8dd
[32mINFO [0m[01-24|11:32:20.727] fetched asset price successfully         [32massetType[0m=liquor [32massetName[0m=Maotai [32mprice[0m=1759.391
[32mINFO [0m[01-24|11:32:20.727] sign msg                                 [32mmsg[0m=1759.39060302cee8f4-6add-4ea3-b597-aef78ea2f8dd52
[32mINFO [0m[01-24|11:32:20.727] msg hash                                 [32mdata[0m=52b0d3..f2fe78
[32mINFO [0m[01-24|11:32:20.727] success to sign SubmitOracleSignatureMsg [32msignature[0m=E([14517047859085587336017079123404449658138502068089110483140970674650804407540,17412271013081837091824545533760965294248697416539555548762899228777882253482])
[32mINFO [0m[01-24|11:32:20.728] node signed the message, sending response to oracle manager
[32mINFO [0m[01-24|11:32:20.728] send rsp success!
[32mINFO [0m[01-24|11:32:20.728] sent sign response to oracle manager successfully
[32mINFO [0m[01-24|11:32:31.184] receive request method : signMsgBatch    [32mreqId[0m=202601241132318479
[32mINFO [0m[01-24|11:32:31.185] write msg to sign channel successfully
[32mINFO [0m[01-24|11:32:31.185] dealing resId (202601241132318479) 
[32mINFO [0m[01-24|11:32:31.185] request body market price                [32mRequestId[0m=80973f41-4ded-4968-a84e-aa4607a8379c
[32mINFO [0m[01-24|11:32:31.231] fetched asset price successfully         [32massetType[0m=liquor [32massetName[0m=Maotai [32mprice[0m=1755.845
[32mINFO [0m[01-24|11:32:31.231] sign msg                                 [32mmsg[0m=1755.84485780973f41-4ded-4968-a84e-aa4607a8379c53
[32mINFO [0m[01-24|11:32:31.231] msg hash                                 [32mdata[0m=4403be..6361eb
[32mINFO [0m[01-24|11:32:31.232] success to sign SubmitOracleSignatureMsg [32msignature[0m=E([20556408326548812985854265150247200500808984141255051071632660781867322692148,61468606033204078288280956704140767015009779687320151606125246437703589215])
[32mINFO [0m[01-24|11:32:31.238] node signed the message, sending response to oracle manager
[32mINFO [0m[01-24|11:32:31.238] send rsp success!
[32mINFO [0m[01-24|11:32:31.238] sent sign response to oracle manager successfully
[32mINFO [0m[01-24|11:32:41.635] receive request method : signMsgBatch    [32mreqId[0m=202601241132413386
[32mINFO [0m[01-24|11:32:41.635] write msg to sign channel successfully
[32mINFO [0m[01-24|11:32:41.635] dealing resId (202601241132413386) 
[32mINFO [0m[01-24|11:32:41.635] request body market price                [32mRequestId[0m=ed42e3dc-c61c-42c5-bcdd-c0b23fdce635
[32mINFO [0m[01-24|11:32:41.636] fetched asset price successfully         [32massetType[0m=liquor [32massetName[0m=Maotai [32mprice[0m=1755.845
[32mINFO [0m[01-24|11:32:41.636] sign msg                                 [32mmsg[0m=1755.844857ed42e3dc-c61c-42c5-bcdd-c0b23fdce63554
[32mINFO [0m[01-24|11:32:41.636] msg hash                                 [32mdata[0m=4403be..6361eb
[32mINFO [0m[01-24|11:32:41.637] success to sign SubmitOracleSignatureMsg [32msignature[0m=E([20556408326548812985854265150247200500808984141255051071632660781867322692148,61468606033204078288280956704140767015009779687320151606125246437703589215])
[32mINFO [0m[01-24|11:32:41.637] node signed the message, sending response to oracle manager
[32mINFO [0m[01-24|11:32:41.637] send rsp success!
[32mINFO [0m[01-24|11:32:41.637] sent sign response to oracle manager successfully
[32mINFO [0m[01-24|11:32:51.765] receive request method : signMsgBatch    [32mreqId[0m=202601241132514629
[32mINFO [0m[01-24|11:32:51.765] write msg to sign channel successfully
[32mINFO [0m[01-24|11:32:51.765] dealing resId (202601241132514629) 
[32mINFO [0m[01-24|11:32:51.765] request body market price                [32mRequestId[0m=958ab41e-9909-4d83-b1b3-f31a04d571eb
[32mINFO [0m[01-24|11:32:51.767] fetched asset price successfully         [32massetType[0m=liquor [32massetName[0m=Maotai [32mprice[0m=1813.607
[32mINFO [0m[01-24|11:32:51.768] sign msg                                 [32mmsg[0m=1813.607407958ab41e-9909-4d83-b1b3-f31a04d571eb55
[32mINFO [0m[01-24|11:32:51.768] msg hash                                 [32mdata[0m=4933c4..4c6fc6
[32mINFO [0m[01-24|11:32:51.768] success to sign SubmitOracleSignatureMsg [32msignature[0m=E([7060972246510853835637639283870756067033182181138003771325967307915398452904,19460222006499240324972060489575248619935477765502762557684724183034538550188])
[32mINFO [0m[01-24|11:32:51.769] node signed the message, sending response to oracle manager
[32mINFO [0m[01-24|11:32:51.769] send rsp success!
[32mINFO [0m[01-24|11:32:51.769] sent sign response to oracle manager successfully
[32mINFO [0m[01-24|11:33:01.880] receive request method : signMsgBatch    [32mreqId[0m=202601241133010297
[32mINFO [0m[01-24|11:33:01.881] write msg to sign channel successfully
[32mINFO [0m[01-24|11:33:01.881] dealing resId (202601241133010297) 
[32mINFO [0m[01-24|11:33:01.881] request body market price                [32mRequestId[0m=aa7940f6-ad61-4c96-b2f4-fbbb9512abc6
[32mINFO [0m[01-24|11:33:01.888] fetched asset price successfully         [32massetType[0m=liquor [32massetName[0m=Maotai [32mprice[0m=1794.200
[32mINFO [0m[01-24|11:33:01.888] sign msg                                 [32mmsg[0m=1794.200470aa7940f6-ad61-4c96-b2f4-fbbb9512abc657
[32mINFO [0m[01-24|11:33:01.888] msg hash                                 [32mdata[0m=2a0438..5d25f6
[32mINFO [0m[01-24|11:33:01.889] success to sign SubmitOracleSignatureMsg [32msignature[0m=E([17887830480995516759090506266070903317491647791863858235068618282721043969905,17848855837811762225037605006920300628127671287040720965608273084466534220373])
[32mINFO [0m[01-24|11:33:01.889] node signed the message, sending response to oracle manager
[32mINFO [0m[01-24|11:33:01.889] send rsp success!
[32mINFO [0m[01-24|11:33:01.889] sent sign response to oracle manager successfully
[32mINFO [0m[01-24|11:33:11.990] receive request method : signMsgBatch    [32mreqId[0m=202601241133112034
[32mINFO [0m[01-24|11:33:11.991] write msg to sign channel successfully
[32mINFO [0m[01-24|11:33:11.991] dealing resId (202601241133112034) 
[32mINFO [0m[01-24|11:33:11.992] request body market price                [32mRequestId[0m=05148121-ade9-4f12-99ea-775ddd992587
[32mINFO [0m[01-24|11:33:11.993] fetched asset price successfully         [32massetType[0m=liquor [32massetName[0m=Maotai [32mprice[0m=1794.200
[32mINFO [0m[01-24|11:33:11.994] sign msg                                 [32mmsg[0m=1794.20047005148121-ade9-4f12-99ea-775ddd99258758
[32mINFO [0m[01-24|11:33:11.994] msg hash                                 [32mdata[0m=2a0438..5d25f6
[32mINFO [0m[01-24|11:33:11.994] success to sign SubmitOracleSignatureMsg [32msignature[0m=E([17887830480995516759090506266070903317491647791863858235068618282721043969905,17848855837811762225037605006920300628127671287040720965608273084466534220373])
[32mINFO [0m[01-24|11:33:11.994] node signed the message, sending response to oracle manager
[32mINFO [0m[01-24|11:33:11.995] send rsp success!
[32mINFO [0m[01-24|11:33:11.995] sent sign response to oracle manager successfully
[32mINFO [0m[01-24|11:33:22.314] receive request method : signMsgBatch    [32mreqId[0m=202601241133223077
[32mINFO [0m[01-24|11:33:22.314] write msg to sign channel successfully
[32mINFO [0m[01-24|11:33:22.314] dealing resId (202601241133223077) 
[32mINFO [0m[01-24|11:33:22.314] request body market price                [32mRequestId[0m=ac4ec3e9-a47b-42f6-b444-48ab5eed99f4
[32mINFO [0m[01-24|11:33:22.316] fetched asset price successfully         [32massetType[0m=liquor [32massetName[0m=Maotai [32mprice[0m=1809.313
[32mINFO [0m[01-24|11:33:22.316] sign msg                                 [32mmsg[0m=1809.313293ac4ec3e9-a47b-42f6-b444-48ab5eed99f459
[32mINFO [0m[01-24|11:33:22.316] msg hash                                 [32mdata[0m=95a140..35ffb0
[32mINFO [0m[01-24|11:33:22.316] success to sign SubmitOracleSignatureMsg [32msignature[0m=E([8613686801282102426626546663744266058114146925270921345717746806535229965425,10767451964390388730891397344108868496001897646696546457540749289114945933804])
[32mINFO [0m[01-24|11:33:22.317] node signed the message, sending response to oracle manager
[32mINFO [0m[01-24|11:33:22.317] send rsp success!
[32mINFO [0m[01-24|11:33:22.317] sent sign response to oracle manager successfully
[32mINFO [0m[01-24|11:33:32.448] receive request method : signMsgBatch    [32mreqId[0m=202601241133325338
[32mINFO [0m[01-24|11:33:32.450] write msg to sign channel successfully
[32mINFO [0m[01-24|11:33:32.450] dealing resId (202601241133325338) 
[32mINFO [0m[01-24|11:33:32.450] request body market price                [32mRequestId[0m=90091e30-8fa8-4365-a733-41ac2fad75e4
[32mINFO [0m[01-24|11:33:32.455] fetched asset price successfully         [32massetType[0m=liquor [32massetName[0m=Maotai [32mprice[0m=1769.838
[32mINFO [0m[01-24|11:33:32.455] sign msg                                 [32mmsg[0m=1769.83763890091e30-8fa8-4365-a733-41ac2fad75e461
[32mINFO [0m[01-24|11:33:32.455] msg hash                                 [32mdata[0m=f9504d..a27892
[32mINFO [0m[01-24|11:33:32.455] success to sign SubmitOracleSignatureMsg [32msignature[0m=E([10485207197511046892343094838024231628337912895604076641059772064066879855083,16191761971902766152887363950511783650146486746796035656150201944956373594135])
[32mINFO [0m[01-24|11:33:32.456] node signed the message, sending response to oracle manager
[32mINFO [0m[01-24|11:33:32.456] send rsp success!
[32mINFO [0m[01-24|11:33:32.456] sent sign response to oracle manager successfully
[32mINFO [0m[01-24|11:33:42.551] receive request method : signMsgBatch    [32mreqId[0m=202601241133428962
[32mINFO [0m[01-24|11:33:42.552] write msg to sign channel successfully
[32mINFO [0m[01-24|11:33:42.552] dealing resId (202601241133428962) 
[32mINFO [0m[01-24|11:33:42.552] request body market price                [32mRequestId[0m=f8a634b1-267c-4b7b-8749-6ef07fe12c33
[32mINFO [0m[01-24|11:33:42.553] fetched asset price successfully         [32massetType[0m=liquor [32massetName[0m=Maotai [32mprice[0m=1769.838
[32mINFO [0m[01-24|11:33:42.553] sign msg                                 [32mmsg[0m=1769.837638f8a634b1-267c-4b7b-8749-6ef07fe12c3362
[32mINFO [0m[01-24|11:33:42.553] msg hash                                 [32mdata[0m=f9504d..a27892
[32mINFO [0m[01-24|11:33:42.553] success to sign SubmitOracleSignatureMsg [32msignature[0m=E([10485207197511046892343094838024231628337912895604076641059772064066879855083,16191761971902766152887363950511783650146486746796035656150201944956373594135])
[32mINFO [0m[01-24|11:33:42.554] node signed the message, sending response to oracle manager
[32mINFO [0m[01-24|11:33:42.554] send rsp success!
[32mINFO [0m[01-24|11:33:42.554] sent sign response to oracle manager successfully
[32mINFO [0m[01-24|11:33:52.671] receive request method : signMsgBatch    [32mreqId[0m=202601241133529453
[32mINFO [0m[01-24|11:33:52.671] write msg to sign channel successfully
[32mINFO [0m[01-24|11:33:52.671] dealing resId (202601241133529453) 
[32mINFO [0m[01-24|11:33:52.671] request body market price                [32mRequestId[0m=a4d79d1a-d6da-4768-9ad0-05d3998d09cd
[32mINFO [0m[01-24|11:33:52.674] fetched asset price successfully         [32massetType[0m=liquor [32massetName[0m=Maotai [32mprice[0m=1751.017
[32mINFO [0m[01-24|11:33:52.674] sign msg                                 [32mmsg[0m=1751.017035a4d79d1a-d6da-4768-9ad0-05d3998d09cd63
[32mINFO [0m[01-24|11:33:52.674] msg hash                                 [32mdata[0m=c83df7..b83f01
[32mINFO [0m[01-24|11:33:52.675] success to sign SubmitOracleSignatureMsg [32msignature[0m=E([4581403459691281249543775264316865121002702147837356075842428391844229510901,18154927078801173377728344888783719544644886331204889347250453050824711718723])
[32mINFO [0m[01-24|11:33:52.675] node signed the message, sending response to oracle manager
[32mINFO [0m[01-24|11:33:52.675] send rsp success!
[32mINFO [0m[01-24|11:33:52.675] sent sign response to oracle manager successfully
[32mINFO [0m[01-24|11:34:02.860] receive request method : signMsgBatch    [32mreqId[0m=202601241134029719
[32mINFO [0m[01-24|11:34:02.860] write msg to sign channel successfully
[32mINFO [0m[01-24|11:34:02.860] dealing resId (202601241134029719) 
[32mINFO [0m[01-24|11:34:02.860] request body market price                [32mRequestId[0m=17c8f234-2dac-413a-9dbb-26a2863420fd
[32mINFO [0m[01-24|11:34:02.862] fetched asset price successfully         [32massetType[0m=liquor [32massetName[0m=Maotai [32mprice[0m=1752.707
[32mINFO [0m[01-24|11:34:02.862] sign msg                                 [32mmsg[0m=1752.70689517c8f234-2dac-413a-9dbb-26a2863420fd64
[32mINFO [0m[01-24|11:34:02.862] msg hash                                 [32mdata[0m=03a583..a4fb76
[32mINFO [0m[01-24|11:34:02.862] success to sign SubmitOracleSignatureMsg [32msignature[0m=E([6636297726321634477416895078359097829145084974106597971428789837064504429306,18770440100967209574754780637424324331298538491033454424364654356249413498804])
[32mINFO [0m[01-24|11:34:02.863] node signed the message, sending response to oracle manager
[32mINFO [0m[01-24|11:34:02.863] send rsp success!
[32mINFO [0m[01-24|11:34:02.863] sent sign response to oracle manager successfully
[32mINFO [0m[01-24|11:34:12.950] receive request method : signMsgBatch    [32mreqId[0m=202601241134127556
[32mINFO [0m[01-24|11:34:12.951] write msg to sign channel successfully
[32mINFO [0m[01-24|11:34:12.951] dealing resId (202601241134127556) 
[32mINFO [0m[01-24|11:34:12.951] request body market price                [32mRequestId[0m=c194ce24-9d11-4a29-b45b-6f8ed962649a
[32mINFO [0m[01-24|11:34:12.952] fetched asset price successfully         [32massetType[0m=liquor [32massetName[0m=Maotai [32mprice[0m=1752.707
[32mINFO [0m[01-24|11:34:12.952] sign msg                                 [32mmsg[0m=1752.706895c194ce24-9d11-4a29-b45b-6f8ed962649a66
[32mINFO [0m[01-24|11:34:12.952] msg hash                                 [32mdata[0m=03a583..a4fb76
[32mINFO [0m[01-24|11:34:12.953] success to sign SubmitOracleSignatureMsg [32msignature[0m=E([6636297726321634477416895078359097829145084974106597971428789837064504429306,18770440100967209574754780637424324331298538491033454424364654356249413498804])
[32mINFO [0m[01-24|11:34:12.953] node signed the message, sending response to oracle manager
[32mINFO [0m[01-24|11:34:12.953] send rsp success!
[32mINFO [0m[01-24|11:34:12.953] sent sign response to oracle manager successfully
[32mINFO [0m[01-24|11:34:23.045] receive request method : signMsgBatch    [32mreqId[0m=202601241134236425
[32mINFO [0m[01-24|11:34:23.045] write msg to sign channel successfully
[32mINFO [0m[01-24|11:34:23.045] dealing resId (202601241134236425) 
[32mINFO [0m[01-24|11:34:23.045] request body market price                [32mRequestId[0m=fe3fbcd5-6001-412e-9d0a-5ccc1d3dabec
[32mINFO [0m[01-24|11:34:23.046] fetched asset price successfully         [32massetType[0m=liquor [32massetName[0m=Maotai [32mprice[0m=1798.603
[32mINFO [0m[01-24|11:34:23.046] sign msg                                 [32mmsg[0m=1798.602570fe3fbcd5-6001-412e-9d0a-5ccc1d3dabec67
[32mINFO [0m[01-24|11:34:23.046] msg hash                                 [32mdata[0m=8bfd56..1fb25c
[32mINFO [0m[01-24|11:34:23.047] success to sign SubmitOracleSignatureMsg [32msignature[0m=E([19500933114369437295762374630239662852147226193778633059490455720772586520315,8103745542709402428691152934134599710630614585309561906553420140354739409076])
[32mINFO [0m[01-24|11:34:23.047] node signed the message, sending response to oracle manager
[32mINFO [0m[01-24|11:34:23.047] send rsp success!
[32mINFO [0m[01-24|11:34:23.047] sent sign response to oracle manager successfully
[32mINFO [0m[01-24|11:34:33.155] receive request method : signMsgBatch    [32mreqId[0m=202601241134338199
[32mINFO [0m[01-24|11:34:33.156] write msg to sign channel successfully
[32mINFO [0m[01-24|11:34:33.156] dealing resId (202601241134338199) 
[32mINFO [0m[01-24|11:34:33.156] request body market price                [32mRequestId[0m=81e2d2d7-e9bc-43c7-aab3-ab317d190043
[32mINFO [0m[01-24|11:34:33.158] fetched asset price successfully         [32massetType[0m=liquor [32massetName[0m=Maotai [32mprice[0m=1761.017
[32mINFO [0m[01-24|11:34:33.158] sign msg                                 [32mmsg[0m=1761.01738281e2d2d7-e9bc-43c7-aab3-ab317d19004368
[32mINFO [0m[01-24|11:34:33.158] msg hash                                 [32mdata[0m=2eb541..ba6979
[32mINFO [0m[01-24|11:34:33.159] success to sign SubmitOracleSignatureMsg [32msignature[0m=E([12370648249586462292517586565725872795971184633642814031210530499637143094715,20303136572720891915924489817090038213500103010019205272192641782257871544357])
[32mINFO [0m[01-24|11:34:33.160] node signed the message, sending response to oracle manager
[32mINFO [0m[01-24|11:34:33.160] send rsp success!
[32mINFO [0m[01-24|11:34:33.160] sent sign response to oracle manager successfully
[32mINFO [0m[01-24|11:34:43.274] receive request method : signMsgBatch    [32mreqId[0m=202601241134436504
[32mINFO [0m[01-24|11:34:43.275] write msg to sign channel successfully
[32mINFO [0m[01-24|11:34:43.275] dealing resId (202601241134436504) 
[32mINFO [0m[01-24|11:34:43.277] request body market price                [32mRequestId[0m=0ffb62f0-7845-4904-ae6e-3769e78176bc
[32mINFO [0m[01-24|11:34:43.281] fetched asset price successfully         [32massetType[0m=liquor [32massetName[0m=Maotai [32mprice[0m=1761.017
[32mINFO [0m[01-24|11:34:43.281] sign msg                                 [32mmsg[0m=1761.0173820ffb62f0-7845-4904-ae6e-3769e78176bc69
[32mINFO [0m[01-24|11:34:43.281] msg hash                                 [32mdata[0m=2eb541..ba6979
[32mINFO [0m[01-24|11:34:43.282] success to sign SubmitOracleSignatureMsg [32msignature[0m=E([12370648249586462292517586565725872795971184633642814031210530499637143094715,20303136572720891915924489817090038213500103010019205272192641782257871544357])
[32mINFO [0m[01-24|11:34:43.282] node signed the message, sending response to oracle manager
[32mINFO [0m[01-24|11:34:43.282] send rsp success!
[32mINFO [0m[01-24|11:34:43.282] sent sign response to oracle manager successfully
[32mINFO [0m[01-24|11:34:53.384] receive request method : signMsgBatch    [32mreqId[0m=202601241134531892
[32mINFO [0m[01-24|11:34:53.385] write msg to sign channel successfully
[32mINFO [0m[01-24|11:34:53.385] dealing resId (202601241134531892) 
[32mINFO [0m[01-24|11:34:53.385] request body market price                [32mRequestId[0m=68666f1a-5200-4f53-9b4e-89e1e10d3bf6
[32mINFO [0m[01-24|11:34:53.387] fetched asset price successfully         [32massetType[0m=liquor [32massetName[0m=Maotai [32mprice[0m=1802.460
[32mINFO [0m[01-24|11:34:53.388] sign msg                                 [32mmsg[0m=1802.45972268666f1a-5200-4f53-9b4e-89e1e10d3bf670
[32mINFO [0m[01-24|11:34:53.388] msg hash                                 [32mdata[0m=573991..06119b
[32mINFO [0m[01-24|11:34:53.388] success to sign SubmitOracleSignatureMsg [32msignature[0m=E([14024375671787568872833073283987643250232499294422307277846630064607845479568,13358669266177813589809124022080047886891503579405955808405051631857830561379])
[32mINFO [0m[01-24|11:34:53.390] node signed the message, sending response to oracle manager
[32mINFO [0m[01-24|11:34:53.390] send rsp success!
[32mINFO [0m[01-24|11:34:53.390] sent sign response to oracle manager successfully
[32mINFO [0m[01-24|11:35:03.482] receive request method : signMsgBatch    [32mreqId[0m=202601241135036525
[32mINFO [0m[01-24|11:35:03.482] write msg to sign channel successfully
[32mINFO [0m[01-24|11:35:03.483] dealing resId (202601241135036525) 
[32mINFO [0m[01-24|11:35:03.483] request body market price                [32mRequestId[0m=6425a5a0-f097-4d08-9506-c12a1e464f28
[32mINFO [0m[01-24|11:35:03.485] fetched asset price successfully         [32massetType[0m=liquor [32massetName[0m=Maotai [32mprice[0m=1820.743
[32mINFO [0m[01-24|11:35:03.485] sign msg                                 [32mmsg[0m=1820.7427476425a5a0-f097-4d08-9506-c12a1e464f2871
[32mINFO [0m[01-24|11:35:03.485] msg hash                                 [32mdata[0m=a3d637..63df78
[32mINFO [0m[01-24|11:35:03.485] success to sign SubmitOracleSignatureMsg [32msignature[0m=E([10252070054385718811655443456272166820032145892283008630643269144890034331668,3139464169203442751798763504774351448627129169698898538159412947300759082385])
[32mINFO [0m[01-24|11:35:03.486] node signed the message, sending response to oracle manager
[32mINFO [0m[01-24|11:35:03.486] send rsp success!
[32mINFO [0m[01-24|11:35:03.486] sent sign response to oracle manager successfully
[32mINFO [0m[01-24|11:35:13.593] receive request method : signMsgBatch    [32mreqId[0m=202601241135136560
[32mINFO [0m[01-24|11:35:13.594] write msg to sign channel successfully
[32mINFO [0m[01-24|11:35:13.594] dealing resId (202601241135136560) 
[32mINFO [0m[01-24|11:35:13.594] request body market price                [32mRequestId[0m=138aeab1-e200-4ab9-8bbb-ca9ba0ea9feb
[32mINFO [0m[01-24|11:35:13.596] fetched asset price successfully         [32massetType[0m=liquor [32massetName[0m=Maotai [32mprice[0m=1820.743
[32mINFO [0m[01-24|11:35:13.596] sign msg                                 [32mmsg[0m=1820.742747138aeab1-e200-4ab9-8bbb-ca9ba0ea9feb72
[32mINFO [0m[01-24|11:35:13.596] msg hash                                 [32mdata[0m=a3d637..63df78
[32mINFO [0m[01-24|11:35:13.596] success to sign SubmitOracleSignatureMsg [32msignature[0m=E([10252070054385718811655443456272166820032145892283008630643269144890034331668,3139464169203442751798763504774351448627129169698898538159412947300759082385])
[32mINFO [0m[01-24|11:35:13.597] node signed the message, sending response to oracle manager
[32mINFO [0m[01-24|11:35:13.597] send rsp success!
[32mINFO [0m[01-24|11:35:13.597] sent sign response to oracle manager successfully
[32mINFO [0m[01-24|11:35:23.699] receive request method : signMsgBatch    [32mreqId[0m=202601241135234592
[32mINFO [0m[01-24|11:35:23.700] write msg to sign channel successfully
[32mINFO [0m[01-24|11:35:23.700] dealing resId (202601241135234592) 
[32mINFO [0m[01-24|11:35:23.700] request body market price                [32mRequestId[0m=f437be8d-cda6-4fa8-90c5-3ce7623dcf1b
[32mINFO [0m[01-24|11:35:23.700] fetched asset price successfully         [32massetType[0m=liquor [32massetName[0m=Maotai [32mprice[0m=1796.624
[32mINFO [0m[01-24|11:35:23.700] sign msg                                 [32mmsg[0m=1796.623863f437be8d-cda6-4fa8-90c5-3ce7623dcf1b73
[32mINFO [0m[01-24|11:35:23.700] msg hash                                 [32mdata[0m=d66743..01ced1
[32mINFO [0m[01-24|11:35:23.701] success to sign SubmitOracleSignatureMsg [32msignature[0m=E([15788644311742315901425073265098967536389607851300698194748332530176986673636,19797258287428345185171203044859534948056493592875004697268695758020904559750])
[32mINFO [0m[01-24|11:35:23.701] node signed the message, sending response to oracle manager
[32mINFO [0m[01-24|11:35:23.701] send rsp success!
[32mINFO [0m[01-24|11:35:23.701] sent sign response to oracle manager successfully
[32mINFO [0m[01-24|11:35:33.803] receive request method : signMsgBatch    [32mreqId[0m=202601241135334722
[32mINFO [0m[01-24|11:35:33.804] write msg to sign channel successfully
[32mINFO [0m[01-24|11:35:33.804] dealing resId (202601241135334722) 
[32mINFO [0m[01-24|11:35:33.804] request body market price                [32mRequestId[0m=97d6221b-ebd8-4bfd-9993-4437125cd25a
[32mINFO [0m[01-24|11:35:33.805] fetched asset price successfully         [32massetType[0m=liquor [32massetName[0m=Maotai [32mprice[0m=1809.630
[32mINFO [0m[01-24|11:35:33.805] sign msg                                 [32mmsg[0m=1809.63019997d6221b-ebd8-4bfd-9993-4437125cd25a74
[32mINFO [0m[01-24|11:35:33.805] msg hash                                 [32mdata[0m=95a140..35ffb0
[32mINFO [0m[01-24|11:35:33.806] success to sign SubmitOracleSignatureMsg [32msignature[0m=E([8613686801282102426626546663744266058114146925270921345717746806535229965425,10767451964390388730891397344108868496001897646696546457540749289114945933804])
[32mINFO [0m[01-24|11:35:33.806] node signed the message, sending response to oracle manager
[32mINFO [0m[01-24|11:35:33.806] send rsp success!
[32mINFO [0m[01-24|11:35:33.806] sent sign response to oracle manager successfully
[32mINFO [0m[01-24|11:35:43.912] receive request method : signMsgBatch    [32mreqId[0m=202601241135438029
[32mINFO [0m[01-24|11:35:43.913] write msg to sign channel successfully
[32mINFO [0m[01-24|11:35:43.913] dealing resId (202601241135438029) 
[32mINFO [0m[01-24|11:35:43.913] request body market price                [32mRequestId[0m=0250394d-c587-4905-9739-b2d574de51b6
[32mINFO [0m[01-24|11:35:43.916] fetched asset price successfully         [32massetType[0m=liquor [32massetName[0m=Maotai [32mprice[0m=1809.630
[32mINFO [0m[01-24|11:35:43.916] sign msg                                 [32mmsg[0m=1809.6301990250394d-c587-4905-9739-b2d574de51b675
[32mINFO [0m[01-24|11:35:43.916] msg hash                                 [32mdata[0m=95a140..35ffb0
[32mINFO [0m[01-24|11:35:43.916] success to sign SubmitOracleSignatureMsg [32msignature[0m=E([8613686801282102426626546663744266058114146925270921345717746806535229965425,10767451964390388730891397344108868496001897646696546457540749289114945933804])
[32mINFO [0m[01-24|11:35:43.917] node signed the message, sending response to oracle manager
[32mINFO [0m[01-24|11:35:43.917] send rsp success!
[32mINFO [0m[01-24|11:35:43.917] sent sign response to oracle manager successfully
[32mINFO [0m[01-24|11:35:54.024] receive request method : signMsgBatch    [32mreqId[0m=202601241135544855
[32mINFO [0m[01-24|11:35:54.024] write msg to sign channel successfully
[32mINFO [0m[01-24|11:35:54.024] dealing resId (202601241135544855) 
[32mINFO [0m[01-24|11:35:54.024] request body market price                [32mRequestId[0m=0a9484e6-5cee-4833-a70e-c13f05af2e30
[32mINFO [0m[01-24|11:35:54.025] fetched asset price successfully         [32massetType[0m=liquor [32massetName[0m=Maotai [32mprice[0m=1775.239
[32mINFO [0m[01-24|11:35:54.025] sign msg                                 [32mmsg[0m=1775.2389070a9484e6-5cee-4833-a70e-c13f05af2e3076
[32mINFO [0m[01-24|11:35:54.025] msg hash                                 [32mdata[0m=406455..cf5b5b
[32mINFO [0m[01-24|11:35:54.026] success to sign SubmitOracleSignatureMsg [32msignature[0m=E([15350793890801705208626335452654296104542705839553686525181723104868720656860,19352801588506941196882941781012164436248460279370735040914838442449118622146])
[32mINFO [0m[01-24|11:35:54.027] node signed the message, sending response to oracle manager
[32mINFO [0m[01-24|11:35:54.027] send rsp success!
[32mINFO [0m[01-24|11:35:54.027] sent sign response to oracle manager successfully
[32mINFO [0m[01-24|11:36:04.140] receive request method : signMsgBatch    [32mreqId[0m=202601241136043350
[32mINFO [0m[01-24|11:36:04.141] write msg to sign channel successfully
[32mINFO [0m[01-24|11:36:04.141] dealing resId (202601241136043350) 
[32mINFO [0m[01-24|11:36:04.141] request body market price                [32mRequestId[0m=80a34e06-d35b-48a7-a5fc-c1710fe990f0
[32mINFO [0m[01-24|11:36:04.152] fetched asset price successfully         [32massetType[0m=liquor [32massetName[0m=Maotai [32mprice[0m=1813.702
[32mINFO [0m[01-24|11:36:04.152] sign msg                                 [32mmsg[0m=1813.70209880a34e06-d35b-48a7-a5fc-c1710fe990f077
[32mINFO [0m[01-24|11:36:04.153] msg hash                                 [32mdata[0m=4933c4..4c6fc6
[32mINFO [0m[01-24|11:36:04.154] success to sign SubmitOracleSignatureMsg [32msignature[0m=E([7060972246510853835637639283870756067033182181138003771325967307915398452904,19460222006499240324972060489575248619935477765502762557684724183034538550188])
[32mINFO [0m[01-24|11:36:04.154] node signed the message, sending response to oracle manager
[32mINFO [0m[01-24|11:36:04.154] send rsp success!
[32mINFO [0m[01-24|11:36:04.154] sent sign response to oracle manager successfully
[32mINFO [0m[01-24|11:36:14.252] receive request method : signMsgBatch    [32mreqId[0m=202601241136142654
[32mINFO [0m[01-24|11:36:14.253] write msg to sign channel successfully
[32mINFO [0m[01-24|11:36:14.253] dealing resId (202601241136142654) 
[32mINFO [0m[01-24|11:36:14.253] request body market price                [32mRequestId[0m=01515ec3-abb6-4d4b-aea3-beb2f7a5ced8
[32mINFO [0m[01-24|11:36:14.253] fetched asset price successfully         [32massetType[0m=liquor [32massetName[0m=Maotai [32mprice[0m=1813.702
[32mINFO [0m[01-24|11:36:14.254] sign msg                                 [32mmsg[0m=1813.70209801515ec3-abb6-4d4b-aea3-beb2f7a5ced878
[32mINFO [0m[01-24|11:36:14.254] msg hash                                 [32mdata[0m=4933c4..4c6fc6
[32mINFO [0m[01-24|11:36:14.254] success to sign SubmitOracleSignatureMsg [32msignature[0m=E([7060972246510853835637639283870756067033182181138003771325967307915398452904,19460222006499240324972060489575248619935477765502762557684724183034538550188])
[32mINFO [0m[01-24|11:36:14.255] node signed the message, sending response to oracle manager
[32mINFO [0m[01-24|11:36:14.255] send rsp success!
[32mINFO [0m[01-24|11:36:14.255] sent sign response to oracle manager successfully
[32mINFO [0m[01-24|11:36:24.358] receive request method : signMsgBatch    [32mreqId[0m=202601241136241950
[32mINFO [0m[01-24|11:36:24.359] write msg to sign channel successfully
[32mINFO [0m[01-24|11:36:24.359] dealing resId (202601241136241950) 
[32mINFO [0m[01-24|11:36:24.359] request body market price                [32mRequestId[0m=c5bbacca-6e49-4b59-8ded-8fbb5bb20dcb
[32mINFO [0m[01-24|11:36:24.360] fetched asset price successfully         [32massetType[0m=liquor [32massetName[0m=Maotai [32mprice[0m=1751.698
[32mINFO [0m[01-24|11:36:24.360] sign msg                                 [32mmsg[0m=1751.698419c5bbacca-6e49-4b59-8ded-8fbb5bb20dcb79
[32mINFO [0m[01-24|11:36:24.360] msg hash                                 [32mdata[0m=c83df7..b83f01
[32mINFO [0m[01-24|11:36:24.360] success to sign SubmitOracleSignatureMsg [32msignature[0m=E([4581403459691281249543775264316865121002702147837356075842428391844229510901,18154927078801173377728344888783719544644886331204889347250453050824711718723])
[32mINFO [0m[01-24|11:36:24.361] node signed the message, sending response to oracle manager
[32mINFO [0m[01-24|11:36:24.361] send rsp success!
[32mINFO [0m[01-24|11:36:24.361] sent sign response to oracle manager successfully
[32mINFO [0m[01-24|11:36:34.454] receive request method : signMsgBatch    [32mreqId[0m=202601241136346386
[32mINFO [0m[01-24|11:36:34.454] write msg to sign channel successfully
[32mINFO [0m[01-24|11:36:34.455] dealing resId (202601241136346386) 
[32mINFO [0m[01-24|11:36:34.455] request body market price                [32mRequestId[0m=9e1fe868-9b40-4e99-94dd-7680c69bca79
[32mINFO [0m[01-24|11:36:34.455] fetched asset price successfully         [32massetType[0m=liquor [32massetName[0m=Maotai [32mprice[0m=1839.870
[32mINFO [0m[01-24|11:36:34.455] sign msg                                 [32mmsg[0m=1839.8702719e1fe868-9b40-4e99-94dd-7680c69bca7980
[32mINFO [0m[01-24|11:36:34.455] msg hash                                 [32mdata[0m=534100..bafba8
[32mINFO [0m[01-24|11:36:34.456] success to sign SubmitOracleSignatureMsg [32msignature[0m=E([6720180038607964408482417534565140582569404721216713587402323659502101784735,15733149086917656303957017976178202990921730773773540719533708380970300046857])
[32mINFO [0m[01-24|11:36:34.456] node signed the message, sending response to oracle manager
[32mINFO [0m[01-24|11:36:34.456] send rsp success!
[32mINFO [0m[01-24|11:36:34.456] sent sign response to oracle manager successfully
[32mINFO [0m[01-24|11:36:44.550] receive request method : signMsgBatch    [32mreqId[0m=202601241136440116
[32mINFO [0m[01-24|11:36:44.551] write msg to sign channel successfully
[32mINFO [0m[01-24|11:36:44.551] dealing resId (202601241136440116) 
[32mINFO [0m[01-24|11:36:44.551] request body market price                [32mRequestId[0m=4e96e111-9d42-465b-99b0-33ac60e028e4
[32mINFO [0m[01-24|11:36:44.553] fetched asset price successfully         [32massetType[0m=liquor [32massetName[0m=Maotai [32mprice[0m=1839.870
[32mINFO [0m[01-24|11:36:44.553] sign msg                                 [32mmsg[0m=1839.8702714e96e111-9d42-465b-99b0-33ac60e028e481
[32mINFO [0m[01-24|11:36:44.553] msg hash                                 [32mdata[0m=534100..bafba8
[32mINFO [0m[01-24|11:36:44.554] success to sign SubmitOracleSignatureMsg [32msignature[0m=E([6720180038607964408482417534565140582569404721216713587402323659502101784735,15733149086917656303957017976178202990921730773773540719533708380970300046857])
[32mINFO [0m[01-24|11:36:44.554] node signed the message, sending response to oracle manager
[32mINFO [0m[01-24|11:36:44.555] send rsp success!
[32mINFO [0m[01-24|11:36:44.555] sent sign response to oracle manager successfully
[32mINFO [0m[01-24|11:36:54.665] receive request method : signMsgBatch    [32mreqId[0m=202601241136549832
[32mINFO [0m[01-24|11:36:54.665] write msg to sign channel successfully
[32mINFO [0m[01-24|11:36:54.665] dealing resId (202601241136549832) 
[32mINFO [0m[01-24|11:36:54.665] request body market price                [32mRequestId[0m=66607652-34b6-4f1b-a8cc-76bcf4071db3
[32mINFO [0m[01-24|11:36:54.666] fetched asset price successfully         [32massetType[0m=liquor [32massetName[0m=Maotai [32mprice[0m=1807.615
[32mINFO [0m[01-24|11:36:54.666] sign msg                                 [32mmsg[0m=1807.61481166607652-34b6-4f1b-a8cc-76bcf4071db382
[32mINFO [0m[01-24|11:36:54.666] msg hash                                 [32mdata[0m=5f18ba..737a46
[32mINFO [0m[01-24|11:36:54.667] success to sign SubmitOracleSignatureMsg [32msignature[0m=E([21412931149878696284305493539446725945655425089785159401233984171163780838606,10579841409763578263454368011528371037853884261213525420191461791417497754733])
[32mINFO [0m[01-24|11:36:54.667] node signed the message, sending response to oracle manager
[32mINFO [0m[01-24|11:36:54.667] send rsp success!
[32mINFO [0m[01-24|11:36:54.667] sent sign response to oracle manager successfully
[32mINFO [0m[01-24|11:37:04.779] receive request method : signMsgBatch    [32mreqId[0m=202601241137040654
[32mINFO [0m[01-24|11:37:04.780] write msg to sign channel successfully
[32mINFO [0m[01-24|11:37:04.780] dealing resId (202601241137040654) 
[32mINFO [0m[01-24|11:37:04.780] request body market price                [32mRequestId[0m=52fd659c-a07c-4625-acb7-2af07d1d5b37
[32mINFO [0m[01-24|11:37:04.781] fetched asset price successfully         [32massetType[0m=liquor [32massetName[0m=Maotai [32mprice[0m=1770.614
[32mINFO [0m[01-24|11:37:04.781] sign msg                                 [32mmsg[0m=1770.61377752fd659c-a07c-4625-acb7-2af07d1d5b3783
[32mINFO [0m[01-24|11:37:04.781] msg hash                                 [32mdata[0m=b643c0..10b408
[32mINFO [0m[01-24|11:37:04.782] success to sign SubmitOracleSignatureMsg [32msignature[0m=E([5334964653977693368155135995527236822357319955981387846785398226745172712026,16131564379643586267472246546894404287574314429808516254673825148831828485411])
[32mINFO [0m[01-24|11:37:04.782] node signed the message, sending response to oracle manager
[32mINFO [0m[01-24|11:37:04.782] send rsp success!
[32mINFO [0m[01-24|11:37:04.782] sent sign response to oracle manager successfully
[32mINFO [0m[01-24|11:37:14.888] receive request method : signMsgBatch    [32mreqId[0m=202601241137148257
[32mINFO [0m[01-24|11:37:14.889] write msg to sign channel successfully
[32mINFO [0m[01-24|11:37:14.889] dealing resId (202601241137148257) 
[32mINFO [0m[01-24|11:37:14.889] request body market price                [32mRequestId[0m=028e0fcd-6715-4a6f-8df1-87f24f7a8f62
[32mINFO [0m[01-24|11:37:14.890] fetched asset price successfully         [32massetType[0m=liquor [32massetName[0m=Maotai [32mprice[0m=1770.614
[32mINFO [0m[01-24|11:37:14.890] sign msg                                 [32mmsg[0m=1770.613777028e0fcd-6715-4a6f-8df1-87f24f7a8f6284
[32mINFO [0m[01-24|11:37:14.890] msg hash                                 [32mdata[0m=b643c0..10b408
[32mINFO [0m[01-24|11:37:14.890] success to sign SubmitOracleSignatureMsg [32msignature[0m=E([5334964653977693368155135995527236822357319955981387846785398226745172712026,16131564379643586267472246546894404287574314429808516254673825148831828485411])
[32mINFO [0m[01-24|11:37:14.891] node signed the message, sending response to oracle manager
[32mINFO [0m[01-24|11:37:14.891] send rsp success!
[32mINFO [0m[01-24|11:37:14.891] sent sign response to oracle manager successfully
[32mINFO [0m[01-24|11:37:24.983] receive request method : signMsgBatch    [32mreqId[0m=202601241137241234
[32mINFO [0m[01-24|11:37:24.983] write msg to sign channel successfully
[32mINFO [0m[01-24|11:37:24.983] dealing resId (202601241137241234) 
[32mINFO [0m[01-24|11:37:24.983] request body market price                [32mRequestId[0m=456b1fdc-ebf2-49f5-9f0a-406a6cc886a5
[32mINFO [0m[01-24|11:37:24.984] fetched asset price successfully         [32massetType[0m=liquor [32massetName[0m=Maotai [32mprice[0m=1767.927
[32mINFO [0m[01-24|11:37:24.984] sign msg                                 [32mmsg[0m=1767.926538456b1fdc-ebf2-49f5-9f0a-406a6cc886a585
[32mINFO [0m[01-24|11:37:24.984] msg hash                                 [32mdata[0m=0b0af5..bd8864
[32mINFO [0m[01-24|11:37:24.985] success to sign SubmitOracleSignatureMsg [32msignature[0m=E([7307511928058763476740008671608080715989630071736391133539559696294303249992,5566123690147826212283372862511894373136221339547499224856532091017306896550])
[32mINFO [0m[01-24|11:37:24.985] node signed the message, sending response to oracle manager
[32mINFO [0m[01-24|11:37:24.985] send rsp success!
[32mINFO [0m[01-24|11:37:24.985] sent sign response to oracle manager successfully
[32mINFO [0m[01-24|11:37:35.095] receive request method : signMsgBatch    [32mreqId[0m=202601241137350962
[32mINFO [0m[01-24|11:37:35.095] write msg to sign channel successfully
[32mINFO [0m[01-24|11:37:35.095] dealing resId (202601241137350962) 
[32mINFO [0m[01-24|11:37:35.095] request body market price                [32mRequestId[0m=2eca765f-c849-48bb-bf10-0e63313435c1
[32mINFO [0m[01-24|11:37:35.098] fetched asset price successfully         [32massetType[0m=liquor [32massetName[0m=Maotai [32mprice[0m=1777.971
[32mINFO [0m[01-24|11:37:35.098] sign msg                                 [32mmsg[0m=1777.9713102eca765f-c849-48bb-bf10-0e63313435c186
[32mINFO [0m[01-24|11:37:35.098] msg hash                                 [32mdata[0m=e3c437..017e5e
[32mINFO [0m[01-24|11:37:35.098] success to sign SubmitOracleSignatureMsg [32msignature[0m=E([9322623842713602179497214695734560500113559192188939823307621306899422855959,15872609415539882577831741912915191342478523542733303695414916777820514552236])
[32mINFO [0m[01-24|11:37:35.099] node signed the message, sending response to oracle manager
[32mINFO [0m[01-24|11:37:35.099] send rsp success!
[32mINFO [0m[01-24|11:37:35.099] sent sign response to oracle manager successfully
[32mINFO [0m[01-24|11:37:45.192] receive request method : signMsgBatch    [32mreqId[0m=202601241137451470
[32mINFO [0m[01-24|11:37:45.193] write msg to sign channel successfully
[32mINFO [0m[01-24|11:37:45.193] dealing resId (202601241137451470) 
[32mINFO [0m[01-24|11:37:45.194] request body market price                [32mRequestId[0m=706c8113-38cd-4a1a-b18c-431357803ec0
[32mINFO [0m[01-24|11:37:45.195] fetched asset price successfully         [32massetType[0m=liquor [32massetName[0m=Maotai [32mprice[0m=1827.416
[32mINFO [0m[01-24|11:37:45.196] sign msg                                 [32mmsg[0m=1827.415562706c8113-38cd-4a1a-b18c-431357803ec087
[32mINFO [0m[01-24|11:37:45.196] msg hash                                 [32mdata[0m=f50a79..e31d60
[32mINFO [0m[01-24|11:37:45.196] success to sign SubmitOracleSignatureMsg [32msignature[0m=E([2681698170081748901344192033728723642997174755387855748574782475398988536165,362775197974568546354987350780060898269734917213408953378398199451667630054])
[32mINFO [0m[01-24|11:37:45.197] node signed the message, sending response to oracle manager
[32mINFO [0m[01-24|11:37:45.197] send rsp success!
[32mINFO [0m[01-24|11:37:45.197] sent sign response to oracle manager successfully
[32mINFO [0m[01-24|11:37:55.302] receive request method : signMsgBatch    [32mreqId[0m=202601241137552797
[32mINFO [0m[01-24|11:37:55.302] write msg to sign channel successfully
[32mINFO [0m[01-24|11:37:55.302] dealing resId (202601241137552797) 
[32mINFO [0m[01-24|11:37:55.302] request body market price                [32mRequestId[0m=e2b0f34c-3828-45d5-b446-af693f6324d8
[32mINFO [0m[01-24|11:37:55.303] fetched asset price successfully         [32massetType[0m=liquor [32massetName[0m=Maotai [32mprice[0m=1827.416
[32mINFO [0m[01-24|11:37:55.303] sign msg                                 [32mmsg[0m=1827.415562e2b0f34c-3828-45d5-b446-af693f6324d888
[32mINFO [0m[01-24|11:37:55.303] msg hash                                 [32mdata[0m=f50a79..e31d60
[32mINFO [0m[01-24|11:37:55.304] success to sign SubmitOracleSignatureMsg [32msignature[0m=E([2681698170081748901344192033728723642997174755387855748574782475398988536165,362775197974568546354987350780060898269734917213408953378398199451667630054])
[32mINFO [0m[01-24|11:37:55.305] node signed the message, sending response to oracle manager
[32mINFO [0m[01-24|11:37:55.305] send rsp success!
[32mINFO [0m[01-24|11:37:55.305] sent sign response to oracle manager successfully
[32mINFO [0m[01-24|11:38:05.414] receive request method : signMsgBatch    [32mreqId[0m=202601241138056799
[32mINFO [0m[01-24|11:38:05.414] write msg to sign channel successfully
[32mINFO [0m[01-24|11:38:05.414] dealing resId (202601241138056799) 
[32mINFO [0m[01-24|11:38:05.414] request body market price                [32mRequestId[0m=c25d5ab5-3ad3-453f-be2d-ad351da9cb8a
[32mINFO [0m[01-24|11:38:05.415] fetched asset price successfully         [32massetType[0m=liquor [32massetName[0m=Maotai [32mprice[0m=1785.506
[32mINFO [0m[01-24|11:38:05.415] sign msg                                 [32mmsg[0m=1785.506003c25d5ab5-3ad3-453f-be2d-ad351da9cb8a89
[32mINFO [0m[01-24|11:38:05.415] msg hash                                 [32mdata[0m=1b4f71..4b76cb
[32mINFO [0m[01-24|11:38:05.415] success to sign SubmitOracleSignatureMsg [32msignature[0m=E([4421928246474076584167962966411679226380966836224202311052983501279875487257,1916083698231553158356957119592819634518323049294537869200686459463486098729])
[32mINFO [0m[01-24|11:38:05.416] node signed the message, sending response to oracle manager
[32mINFO [0m[01-24|11:38:05.416] send rsp success!
[32mINFO [0m[01-24|11:38:05.416] sent sign response to oracle manager successfully
[32mINFO [0m[01-24|11:38:15.515] receive request method : signMsgBatch    [32mreqId[0m=202601241138158619
[32mINFO [0m[01-24|11:38:15.515] write msg to sign channel successfully
[32mINFO [0m[01-24|11:38:15.515] dealing resId (202601241138158619) 
[32mINFO [0m[01-24|11:38:15.515] request body market price                [32mRequestId[0m=87bb650a-e46b-472a-ad67-1c97d4209008
[32mINFO [0m[01-24|11:38:15.518] fetched asset price successfully         [32massetType[0m=liquor [32massetName[0m=Maotai [32mprice[0m=1772.199
[32mINFO [0m[01-24|11:38:15.518] sign msg                                 [32mmsg[0m=1772.19900587bb650a-e46b-472a-ad67-1c97d420900890
[32mINFO [0m[01-24|11:38:15.518] msg hash                                 [32mdata[0m=95b984..e7712c
[32mINFO [0m[01-24|11:38:15.518] success to sign SubmitOracleSignatureMsg [32msignature[0m=E([4422540699402758100766441833216766947218192238370560312510007343351837766511,17272600876420665962164485907109093554611962047102039150141799818939678136093])
[32mINFO [0m[01-24|11:38:15.519] node signed the message, sending response to oracle manager
[32mINFO [0m[01-24|11:38:15.519] send rsp success!
[32mINFO [0m[01-24|11:38:15.519] sent sign response to oracle manager successfully
[32mINFO [0m[01-24|11:38:25.613] receive request method : signMsgBatch    [32mreqId[0m=202601241138255686
[32mINFO [0m[01-24|11:38:25.614] write msg to sign channel successfully
[32mINFO [0m[01-24|11:38:25.614] dealing resId (202601241138255686) 
[32mINFO [0m[01-24|11:38:25.614] request body market price                [32mRequestId[0m=94b620a0-0c62-4111-b724-ca961523d1e4
[32mINFO [0m[01-24|11:38:25.614] fetched asset price successfully         [32massetType[0m=liquor [32massetName[0m=Maotai [32mprice[0m=1772.199
[32mINFO [0m[01-24|11:38:25.614] sign msg                                 [32mmsg[0m=1772.19900594b620a0-0c62-4111-b724-ca961523d1e491
[32mINFO [0m[01-24|11:38:25.614] msg hash                                 [32mdata[0m=95b984..e7712c
[32mINFO [0m[01-24|11:38:25.615] success to sign SubmitOracleSignatureMsg [32msignature[0m=E([4422540699402758100766441833216766947218192238370560312510007343351837766511,17272600876420665962164485907109093554611962047102039150141799818939678136093])
[32mINFO [0m[01-24|11:38:25.615] node signed the message, sending response to oracle manager
[32mINFO [0m[01-24|11:38:25.615] send rsp success!
[32mINFO [0m[01-24|11:38:25.615] sent sign response to oracle manager successfully
[32mINFO [0m[01-24|11:38:35.715] receive request method : signMsgBatch    [32mreqId[0m=202601241138352508
[32mINFO [0m[01-24|11:38:35.716] write msg to sign channel successfully
[32mINFO [0m[01-24|11:38:35.716] dealing resId (202601241138352508) 
[32mINFO [0m[01-24|11:38:35.716] request body market price                [32mRequestId[0m=d07c2d7b-cbd0-4d90-830c-f87c39fafac2
[32mINFO [0m[01-24|11:38:35.717] fetched asset price successfully         [32massetType[0m=liquor [32massetName[0m=Maotai [32mprice[0m=1847.455
[32mINFO [0m[01-24|11:38:35.717] sign msg                                 [32mmsg[0m=1847.455466d07c2d7b-cbd0-4d90-830c-f87c39fafac292
[32mINFO [0m[01-24|11:38:35.717] msg hash                                 [32mdata[0m=539162..011246
[32mINFO [0m[01-24|11:38:35.718] success to sign SubmitOracleSignatureMsg [32msignature[0m=E([2518979700156119337852270325611200349290158211818581854104802543496734143652,20207404881766317644526996220728129383136366970351806076266863507759542603013])
[32mINFO [0m[01-24|11:38:35.718] node signed the message, sending response to oracle manager
[32mINFO [0m[01-24|11:38:35.718] send rsp success!
[32mINFO [0m[01-24|11:38:35.718] sent sign response to oracle manager successfully
[32mINFO [0m[01-24|11:38:45.825] receive request method : signMsgBatch    [32mreqId[0m=202601241138457326
[32mINFO [0m[01-24|11:38:45.826] write msg to sign channel successfully
[32mINFO [0m[01-24|11:38:45.830] dealing resId (202601241138457326) 
[32mINFO [0m[01-24|11:38:45.830] request body market price                [32mRequestId[0m=05490c87-8f17-4650-8224-9ddd84000933
[32mINFO [0m[01-24|11:38:45.834] fetched asset price successfully         [32massetType[0m=liquor [32massetName[0m=Maotai [32mprice[0m=1834.701
[32mINFO [0m[01-24|11:38:45.834] sign msg                                 [32mmsg[0m=1834.70145405490c87-8f17-4650-8224-9ddd8400093393
[32mINFO [0m[01-24|11:38:45.834] msg hash                                 [32mdata[0m=58d2fe..f1ad93
[32mINFO [0m[01-24|11:38:45.835] success to sign SubmitOracleSignatureMsg [32msignature[0m=E([12601176123868913045556939457838372458280865422694420574571482939847434500233,14811248681975307521695282303586369115953593219711382995740973985291100178859])
[32mINFO [0m[01-24|11:38:45.835] node signed the message, sending response to oracle manager
[32mINFO [0m[01-24|11:38:45.835] send rsp success!
[32mINFO [0m[01-24|11:38:45.835] sent sign response to oracle manager successfully
[32mINFO [0m[01-24|11:38:55.936] receive request method : signMsgBatch    [32mreqId[0m=202601241138553061
[32mINFO [0m[01-24|11:38:55.936] write msg to sign channel successfully
[32mINFO [0m[01-24|11:38:55.936] dealing resId (202601241138553061) 
[32mINFO [0m[01-24|11:38:55.937] request body market price                [32mRequestId[0m=da9bfe25-2858-4862-bd46-34ef5c0e58d6
[32mINFO [0m[01-24|11:38:55.938] fetched asset price successfully         [32massetType[0m=liquor [32massetName[0m=Maotai [32mprice[0m=1834.701
[32mINFO [0m[01-24|11:38:55.938] sign msg                                 [32mmsg[0m=1834.701454da9bfe25-2858-4862-bd46-34ef5c0e58d694
[32mINFO [0m[01-24|11:38:55.938] msg hash                                 [32mdata[0m=58d2fe..f1ad93
[32mINFO [0m[01-24|11:38:55.938] success to sign SubmitOracleSignatureMsg [32msignature[0m=E([12601176123868913045556939457838372458280865422694420574571482939847434500233,14811248681975307521695282303586369115953593219711382995740973985291100178859])
[32mINFO [0m[01-24|11:38:55.939] node signed the message, sending response to oracle manager
[32mINFO [0m[01-24|11:38:55.939] send rsp success!
[32mINFO [0m[01-24|11:38:55.939] sent sign response to oracle manager successfully
[32mINFO [0m[01-24|11:39:06.051] receive request method : signMsgBatch    [32mreqId[0m=202601241139063043
[32mINFO [0m[01-24|11:39:06.052] write msg to sign channel successfully
[32mINFO [0m[01-24|11:39:06.052] dealing resId (202601241139063043) 
[32mINFO [0m[01-24|11:39:06.052] request body market price                [32mRequestId[0m=c13a2a52-2559-43aa-9100-0fac1769ce7b
[32mINFO [0m[01-24|11:39:06.054] fetched asset price successfully         [32massetType[0m=liquor [32massetName[0m=Maotai [32mprice[0m=1787.540
[32mINFO [0m[01-24|11:39:06.054] sign msg                                 [32mmsg[0m=1787.539691c13a2a52-2559-43aa-9100-0fac1769ce7b95
[32mINFO [0m[01-24|11:39:06.054] msg hash                                 [32mdata[0m=8a51e2..78739d
[32mINFO [0m[01-24|11:39:06.054] success to sign SubmitOracleSignatureMsg [32msignature[0m=E([7809849342005292805845172321389815301877342173274976764834637087483972069669,17963593968451544092415801697001867942377499272268148187256381433623583729835])
[32mINFO [0m[01-24|11:39:06.055] node signed the message, sending response to oracle manager
[32mINFO [0m[01-24|11:39:06.055] send rsp success!
[32mINFO [0m[01-24|11:39:06.055] sent sign response to oracle manager successfully
[32mINFO [0m[01-24|11:39:16.161] receive request method : signMsgBatch    [32mreqId[0m=202601241139162945
[32mINFO [0m[01-24|11:39:16.161] write msg to sign channel successfully
[32mINFO [0m[01-24|11:39:16.161] dealing resId (202601241139162945) 
[32mINFO [0m[01-24|11:39:16.161] request body market price                [32mRequestId[0m=71c1de3b-0b09-4095-bbb0-f108cdcaeafa
[32mINFO [0m[01-24|11:39:16.162] fetched asset price successfully         [32massetType[0m=liquor [32massetName[0m=Maotai [32mprice[0m=1817.778
[32mINFO [0m[01-24|11:39:16.162] sign msg                                 [32mmsg[0m=1817.77795671c1de3b-0b09-4095-bbb0-f108cdcaeafa96
[32mINFO [0m[01-24|11:39:16.163] msg hash                                 [32mdata[0m=afc143..839028
[32mINFO [0m[01-24|11:39:16.163] success to sign SubmitOracleSignatureMsg [32msignature[0m=E([16475897797395421172716984353198460235470664170870758727946989409367233676447,11535414990548992121522065204346001241183925726230018573525365084001483815326])
[32mINFO [0m[01-24|11:39:16.164] node signed the message, sending response to oracle manager
[32mINFO [0m[01-24|11:39:16.164] send rsp success!
[32mINFO [0m[01-24|11:39:16.164] sent sign response to oracle manager successfully
[32mINFO [0m[01-24|11:39:26.274] receive request method : signMsgBatch    [32mreqId[0m=202601241139266163
[32mINFO [0m[01-24|11:39:26.275] write msg to sign channel successfully
[32mINFO [0m[01-24|11:39:26.275] dealing resId (202601241139266163) 
[32mINFO [0m[01-24|11:39:26.275] request body market price                [32mRequestId[0m=ad4ee3a4-ef28-43e6-ba2e-c7602a469b0f
[32mINFO [0m[01-24|11:39:26.278] fetched asset price successfully         [32massetType[0m=liquor [32massetName[0m=Maotai [32mprice[0m=1817.778
[32mINFO [0m[01-24|11:39:26.278] sign msg                                 [32mmsg[0m=1817.777956ad4ee3a4-ef28-43e6-ba2e-c7602a469b0f97
[32mINFO [0m[01-24|11:39:26.278] msg hash                                 [32mdata[0m=afc143..839028
[32mINFO [0m[01-24|11:39:26.279] success to sign SubmitOracleSignatureMsg [32msignature[0m=E([16475897797395421172716984353198460235470664170870758727946989409367233676447,11535414990548992121522065204346001241183925726230018573525365084001483815326])
[32mINFO [0m[01-24|11:39:26.279] node signed the message, sending response to oracle manager
[32mINFO [0m[01-24|11:39:26.279] send rsp success!
[32mINFO [0m[01-24|11:39:26.279] sent sign response to oracle manager successfully
[32mINFO [0m[01-24|11:39:36.375] receive request method : signMsgBatch    [32mreqId[0m=202601241139366013
[32mINFO [0m[01-24|11:39:36.376] write msg to sign channel successfully
[32mINFO [0m[01-24|11:39:36.376] dealing resId (202601241139366013) 
[32mINFO [0m[01-24|11:39:36.376] request body market price                [32mRequestId[0m=c843feb8-32af-4855-8405-939e884ad823
[32mINFO [0m[01-24|11:39:36.377] fetched asset price successfully         [32massetType[0m=liquor [32massetName[0m=Maotai [32mprice[0m=1807.315
[32mINFO [0m[01-24|11:39:36.377] sign msg                                 [32mmsg[0m=1807.314540c843feb8-32af-4855-8405-939e884ad82398
[32mINFO [0m[01-24|11:39:36.377] msg hash                                 [32mdata[0m=5f18ba..737a46
[32mINFO [0m[01-24|11:39:36.378] success to sign SubmitOracleSignatureMsg [32msignature[0m=E([21412931149878696284305493539446725945655425089785159401233984171163780838606,10579841409763578263454368011528371037853884261213525420191461791417497754733])
[32mINFO [0m[01-24|11:39:36.378] node signed the message, sending response to oracle manager
[32mINFO [0m[01-24|11:39:36.378] send rsp success!
[32mINFO [0m[01-24|11:39:36.378] sent sign response to oracle manager successfully
[32mINFO [0m[01-24|11:39:46.473] receive request method : signMsgBatch    [32mreqId[0m=202601241139462110
[32mINFO [0m[01-24|11:39:46.473] write msg to sign channel successfully
[32mINFO [0m[01-24|11:39:46.473] dealing resId (202601241139462110) 
[32mINFO [0m[01-24|11:39:46.473] request body market price                [32mRequestId[0m=1af167c5-e233-4cc4-9620-a8e5ca2754f2
[32mINFO [0m[01-24|11:39:46.473] fetched asset price successfully         [32massetType[0m=liquor [32massetName[0m=Maotai [32mprice[0m=1812.251
[32mINFO [0m[01-24|11:39:46.473] sign msg                                 [32mmsg[0m=1812.2514051af167c5-e233-4cc4-9620-a8e5ca2754f299
[32mINFO [0m[01-24|11:39:46.474] msg hash                                 [32mdata[0m=fc0deb..5ed1c4
[32mINFO [0m[01-24|11:39:46.474] success to sign SubmitOracleSignatureMsg [32msignature[0m=E([1436313720769287663514106955869455153585891949087720959173638744561936939547,14608057667040761637328670808419848051010770701118332221900730503946744083305])
[32mINFO [0m[01-24|11:39:46.474] node signed the message, sending response to oracle manager
[32mINFO [0m[01-24|11:39:46.474] send rsp success!
[32mINFO [0m[01-24|11:39:46.474] sent sign response to oracle manager successfully
[32mINFO [0m[01-24|11:39:56.575] receive request method : signMsgBatch    [32mreqId[0m=202601241139561580
[32mINFO [0m[01-24|11:39:56.576] write msg to sign channel successfully
[32mINFO [0m[01-24|11:39:56.576] dealing resId (202601241139561580) 
[32mINFO [0m[01-24|11:39:56.576] request body market price                [32mRequestId[0m=d26ad7d1-695c-4a58-a686-675757221f4b
[32mINFO [0m[01-24|11:39:56.578] fetched asset price successfully         [32massetType[0m=liquor [32massetName[0m=Maotai [32mprice[0m=1812.251
[32mINFO [0m[01-24|11:39:56.579] sign msg                                 [32mmsg[0m=1812.251405d26ad7d1-695c-4a58-a686-675757221f4b100
[32mINFO [0m[01-24|11:39:56.579] msg hash                                 [32mdata[0m=fc0deb..5ed1c4
[32mINFO [0m[01-24|11:39:56.579] success to sign SubmitOracleSignatureMsg [32msignature[0m=E([1436313720769287663514106955869455153585891949087720959173638744561936939547,14608057667040761637328670808419848051010770701118332221900730503946744083305])
[32mINFO [0m[01-24|11:39:56.580] node signed the message, sending response to oracle manager
[32mINFO [0m[01-24|11:39:56.580] send rsp success!
[32mINFO [0m[01-24|11:39:56.580] sent sign response to oracle manager successfully
[32mINFO [0m[01-24|11:40:06.686] receive request method : signMsgBatch    [32mreqId[0m=202601241140067085
[32mINFO [0m[01-24|11:40:06.687] write msg to sign channel successfully
[32mINFO [0m[01-24|11:40:06.687] dealing resId (202601241140067085) 
[32mINFO [0m[01-24|11:40:06.687] request body market price                [32mRequestId[0m=18f05fe7-70ff-4e3c-b18d-d39b39ede1c6
[32mINFO [0m[01-24|11:40:06.689] fetched asset price successfully         [32massetType[0m=liquor [32massetName[0m=Maotai [32mprice[0m=1804.324
[32mINFO [0m[01-24|11:40:06.689] sign msg                                 [32mmsg[0m=1804.32387418f05fe7-70ff-4e3c-b18d-d39b39ede1c6101
[32mINFO [0m[01-24|11:40:06.689] msg hash                                 [32mdata[0m=37e9e2..fd8301
[32mINFO [0m[01-24|11:40:06.690] success to sign SubmitOracleSignatureMsg [32msignature[0m=E([3864022090420839869090728108558281344779610577454292880004976804121226595788,2245122550591510891117159149491236435147151783172957069174340287541209793722])
[32mINFO [0m[01-24|11:40:06.690] node signed the message, sending response to oracle manager
[32mINFO [0m[01-24|11:40:06.690] send rsp success!
[32mINFO [0m[01-24|11:40:06.690] sent sign response to oracle manager successfully
panic: runtime error: invalid memory address or nil pointer dereference
[signal SIGSEGV: segmentation violation code=0x2 addr=0x0 pc=0x100bb2f60]

goroutine 1 [running]:
github.com/cpchain-network/oracle-node/node.(*Node).Stop(0x14000582210, {0x101807280?, 0x1400059f978?})
	/Users/wenqirui/Desktop/rwa/oracle/oracle-node/node/node.go:117 +0x20
main.newCli.LifecycleCmd.lifecycleCmd.func2(0x14000141840)
	/Users/wenqirui/Desktop/rwa/oracle/oracle-node/common/cliapp/lifecycle.go:64 +0x2c4
github.com/urfave/cli/v2.(*Command).Run(0x14000524420, 0x14000141840, {0x1400001c280, 0x5, 0x5})
	/Users/wenqirui/go/pkg/mod/github.com/urfave/cli/v2@v2.27.6/command.go:276 +0x600
github.com/urfave/cli/v2.(*Command).Run(0x14000524b00, 0x14000141680, {0x14000110180, 0x6, 0x6})
	/Users/wenqirui/go/pkg/mod/github.com/urfave/cli/v2@v2.27.6/command.go:269 +0x83c
github.com/urfave/cli/v2.(*App).RunContext(0x1400007e200, {0x101159950, 0x101807280}, {0x14000110180, 0x6, 0x6})
	/Users/wenqirui/go/pkg/mod/github.com/urfave/cli/v2@v2.27.6/app.go:333 +0x51c
main.main()
	/Users/wenqirui/Desktop/rwa/oracle/oracle-node/cmd/main.go:18 +0x158
