
blockHash               0x3167bb42de41a258b7acc83b0fcf78f60eb122ef61909aa19bb2bc6c764d4702
blockNumber             13
contractAddress         
cumulativeGasUsed       51393
effectiveGasPrice       216572059
from                    0xf39Fd6e51aad88F6F4ce6aB8827279cffFb92266
gasUsed                 51393
logs                    []
logsBloom               0x00000000000000000000000000000000000000000000000000000000000000000000000000000000000000000000000000000000000000000000000000000000000000000000000000000000000000000000000000000000000000000000000000000000000000000000000000000000000000000000000000000000000000000000000000000000000000000000000000000000000000000000000000000000000000000000000000000000000000000000000000000000000000000000000000000000000000000000000000000000000000000000000000000000000000000000000000000000000000000000000000000000000000000000000000000000
root                    0x81ea3f62253a9d5315d23ef0196ab89862135ba284ac477a51a96a48e1e3e017
status                  1 (success)
transactionHash         0xa1dab6eb78821218fb85550bf6a0a0f75854b4c1054009dca067a9e505973c43
transactionIndex        0
type                    2
blobGasPrice            1
blobGasUsed             
authorizationList       
to                      0xCf7Ed3AccA5a467e9e704C703E8D87F634fB0Fc9

blockHash               0xf879b3644d9de516a4c962d4e6c873310beb5a66aa05afb36ab3bac46568c41f
blockNumber             14
contractAddress         
cumulativeGasUsed       51393
effectiveGasPrice       189593305
from                    0xf39Fd6e51aad88F6F4ce6aB8827279cffFb92266
gasUsed                 51393
logs                    []
logsBloom               0x00000000000000000000000000000000000000000000000000000000000000000000000000000000000000000000000000000000000000000000000000000000000000000000000000000000000000000000000000000000000000000000000000000000000000000000000000000000000000000000000000000000000000000000000000000000000000000000000000000000000000000000000000000000000000000000000000000000000000000000000000000000000000000000000000000000000000000000000000000000000000000000000000000000000000000000000000000000000000000000000000000000000000000000000000000000
root                    0x85c0627f3286fb3f6e5fca56348918a3dc4511554afbfe940dd1284bf4686798
status                  1 (success)
transactionHash         0x96f21347e566f1a3f7297ad0390f3b3ee9f813fd3566300dc547d3f78cbbd265
transactionIndex        0
type                    2
blobGasPrice            1
blobGasUsed             
authorizationList       
to                      0xCf7Ed3AccA5a467e9e704C703E8D87F634fB0Fc9

blockHash               0xcd7f55a647fbca3ee2fa44e4adabc9a63226dd5cb0f1a29ca1829164a4c821a5
blockNumber             15
contractAddress         
cumulativeGasUsed       51393
effectiveGasPrice       165975341
from                    0xf39Fd6e51aad88F6F4ce6aB8827279cffFb92266
gasUsed                 51393
logs                    []
logsBloom               0x00000000000000000000000000000000000000000000000000000000000000000000000000000000000000000000000000000000000000000000000000000000000000000000000000000000000000000000000000000000000000000000000000000000000000000000000000000000000000000000000000000000000000000000000000000000000000000000000000000000000000000000000000000000000000000000000000000000000000000000000000000000000000000000000000000000000000000000000000000000000000000000000000000000000000000000000000000000000000000000000000000000000000000000000000000000
root                    0x4b73cd9d9e290f675552f41822810ae7a3db0562c0765e0cd5a5eb977be49a0c
status                  1 (success)
transactionHash         0x20332f76168b8345f7f42473c44aa3cb9ab336fdf51099ee3caeb206a8a17f9c
transactionIndex        0
type                    2
blobGasPrice            1
blobGasUsed             
authorizationList       
to                      0xCf7Ed3AccA5a467e9e704C703E8D87F634fB0Fc9

blockHash               0x79e6b25934134b710a5c3bed349480fa1666f9178e61a9aaf4f80e79817b37a9
blockNumber             16
contractAddress         
cumulativeGasUsed       51334
effectiveGasPrice       145299507
from                    0xf39Fd6e51aad88F6F4ce6aB8827279cffFb92266
gasUsed                 51334
logs                    []
logsBloom               0x00000000000000000000000000000000000000000000000000000000000000000000000000000000000000000000000000000000000000000000000000000000000000000000000000000000000000000000000000000000000000000000000000000000000000000000000000000000000000000000000000000000000000000000000000000000000000000000000000000000000000000000000000000000000000000000000000000000000000000000000000000000000000000000000000000000000000000000000000000000000000000000000000000000000000000000000000000000000000000000000000000000000000000000000000000000
root                    0xeb8348f25c66f3e272872848a5c59047f15b65a5b7e9eeecced55deabea6ec09
status                  1 (success)
transactionHash         0x6bed9aa70c4a711d064b0bf03894b916986afdff6475b2559abdd65df0264bc4
transactionIndex        0
type                    2
blobGasPrice            1
blobGasUsed             
authorizationList       
to                      0xe7f1725E7734CE288F8367e1Bb143E90bb3F0512

blockHash               0x35076f27e772df9ca6ba78c35d8af9759277e06bc815023721e8d5dee48935fa
blockNumber             17
contractAddress         
cumulativeGasUsed       51334
effectiveGasPrice       127199226
from                    0xf39Fd6e51aad88F6F4ce6aB8827279cffFb92266
gasUsed                 51334
logs                    []
logsBloom               0x00000000000000000000000000000000000000000000000000000000000000000000000000000000000000000000000000000000000000000000000000000000000000000000000000000000000000000000000000000000000000000000000000000000000000000000000000000000000000000000000000000000000000000000000000000000000000000000000000000000000000000000000000000000000000000000000000000000000000000000000000000000000000000000000000000000000000000000000000000000000000000000000000000000000000000000000000000000000000000000000000000000000000000000000000000000
root                    0x7a5d73ccb17f82f37e2b0034b22c24efb4ae2595d5e5fdc5d96c447a50776585
status                  1 (success)
transactionHash         0xbbe834e4fe87d510e895c4134ec8365da5a659f0fc5eddff9146e76afef19c04
transactionIndex        0
type                    2
blobGasPrice            1
blobGasUsed             
authorizationList       
to                      0xe7f1725E7734CE288F8367e1Bb143E90bb3F0512

blockHash               0x853616bcde41bf8fdedcf421f1a198b0a0f81a4d71119f82e035e5df2360eb00
blockNumber             18
contractAddress         
cumulativeGasUsed       51334
effectiveGasPrice       111353737
from                    0xf39Fd6e51aad88F6F4ce6aB8827279cffFb92266
gasUsed                 51334
logs                    []
logsBloom               0x00000000000000000000000000000000000000000000000000000000000000000000000000000000000000000000000000000000000000000000000000000000000000000000000000000000000000000000000000000000000000000000000000000000000000000000000000000000000000000000000000000000000000000000000000000000000000000000000000000000000000000000000000000000000000000000000000000000000000000000000000000000000000000000000000000000000000000000000000000000000000000000000000000000000000000000000000000000000000000000000000000000000000000000000000000000
root                    0x5102f10edfacdc2f5beae6de1b74a9d408799ae886eab389e4961e6cca241343
status                  1 (success)
transactionHash         0xcf87ade97162d4030240d9d69da56438fccfc81e6cf873de3fd03ec8224eb507
transactionIndex        0
type                    2
blobGasPrice            1
blobGasUsed             
authorizationList       
to                      0xe7f1725E7734CE288F8367e1Bb143E90bb3F0512
